{"/Users/debar/code/phialoastro/workers/src/index.ts": {"path":"/Users/debar/code/phialoastro/workers/src/index.ts","all":true,"statementMap":{"1":{"start":{"line":2,"column":0},"end":{"line":2,"column":40}},"2":{"start":{"line":3,"column":0},"end":{"line":3,"column":45}},"3":{"start":{"line":4,"column":0},"end":{"line":4,"column":59}},"4":{"start":{"line":5,"column":0},"end":{"line":5,"column":50}},"5":{"start":{"line":6,"column":0},"end":{"line":6,"column":54}},"8":{"start":{"line":9,"column":0},"end":{"line":9,"column":30}},"10":{"start":{"line":11,"column":0},"end":{"line":11,"column":16}},"11":{"start":{"line":12,"column":0},"end":{"line":12,"column":14}},"12":{"start":{"line":13,"column":0},"end":{"line":13,"column":21}},"13":{"start":{"line":14,"column":0},"end":{"line":14,"column":19}},"14":{"start":{"line":15,"column":0},"end":{"line":15,"column":25}},"15":{"start":{"line":16,"column":0},"end":{"line":16,"column":24}},"17":{"start":{"line":18,"column":0},"end":{"line":18,"column":56}},"18":{"start":{"line":19,"column":0},"end":{"line":19,"column":53}},"21":{"start":{"line":22,"column":0},"end":{"line":22,"column":22}},"22":{"start":{"line":23,"column":0},"end":{"line":23,"column":62}},"23":{"start":{"line":24,"column":0},"end":{"line":24,"column":7}},"26":{"start":{"line":27,"column":0},"end":{"line":27,"column":57}},"28":{"start":{"line":29,"column":0},"end":{"line":29,"column":9}},"30":{"start":{"line":31,"column":0},"end":{"line":31,"column":61}},"32":{"start":{"line":33,"column":0},"end":{"line":33,"column":22}},"33":{"start":{"line":34,"column":0},"end":{"line":34,"column":51}},"34":{"start":{"line":35,"column":0},"end":{"line":35,"column":7}},"37":{"start":{"line":38,"column":0},"end":{"line":38,"column":53}},"38":{"start":{"line":39,"column":0},"end":{"line":39,"column":21}},"40":{"start":{"line":41,"column":0},"end":{"line":41,"column":41}},"41":{"start":{"line":42,"column":0},"end":{"line":42,"column":5}},"42":{"start":{"line":43,"column":0},"end":{"line":43,"column":4}},"43":{"start":{"line":44,"column":0},"end":{"line":44,"column":2}}},"s":{"1":0,"2":0,"3":0,"4":0,"5":0,"8":0,"10":0,"11":0,"12":0,"13":0,"14":0,"15":0,"17":0,"18":0,"21":0,"22":0,"23":0,"26":0,"28":0,"30":0,"32":0,"33":0,"34":0,"37":0,"38":0,"40":0,"41":0,"42":0,"43":0},"branchMap":{"0":{"type":"branch","line":1,"loc":{"start":{"line":1,"column":1359},"end":{"line":47,"column":48}},"locations":[{"start":{"line":1,"column":1359},"end":{"line":47,"column":48}}]}},"b":{"0":[1]},"fnMap":{"0":{"name":"(empty-report)","decl":{"start":{"line":1,"column":1359},"end":{"line":47,"column":48}},"loc":{"start":{"line":1,"column":1359},"end":{"line":47,"column":48}},"line":1}},"f":{"0":1}}
,"/Users/debar/code/phialoastro/workers/src/config/index.ts": {"path":"/Users/debar/code/phialoastro/workers/src/config/index.ts","all":false,"statementMap":{"7":{"start":{"line":8,"column":0},"end":{"line":8,"column":33}},"8":{"start":{"line":9,"column":0},"end":{"line":9,"column":38}},"9":{"start":{"line":10,"column":0},"end":{"line":10,"column":28}},"10":{"start":{"line":11,"column":0},"end":{"line":11,"column":38}},"11":{"start":{"line":12,"column":0},"end":{"line":12,"column":55}},"12":{"start":{"line":13,"column":0},"end":{"line":13,"column":67}},"13":{"start":{"line":14,"column":0},"end":{"line":14,"column":11}},"18":{"start":{"line":19,"column":0},"end":{"line":19,"column":31}},"19":{"start":{"line":20,"column":0},"end":{"line":20,"column":23}},"20":{"start":{"line":21,"column":0},"end":{"line":21,"column":109}},"21":{"start":{"line":22,"column":0},"end":{"line":22,"column":66}},"22":{"start":{"line":23,"column":0},"end":{"line":23,"column":46}},"23":{"start":{"line":24,"column":0},"end":{"line":24,"column":38}},"24":{"start":{"line":25,"column":0},"end":{"line":25,"column":28}},"25":{"start":{"line":26,"column":0},"end":{"line":26,"column":23}},"26":{"start":{"line":27,"column":0},"end":{"line":27,"column":78}},"27":{"start":{"line":28,"column":0},"end":{"line":28,"column":22}},"28":{"start":{"line":29,"column":0},"end":{"line":29,"column":20}},"29":{"start":{"line":30,"column":0},"end":{"line":30,"column":23}},"30":{"start":{"line":31,"column":0},"end":{"line":31,"column":27}},"31":{"start":{"line":32,"column":0},"end":{"line":32,"column":30}},"32":{"start":{"line":33,"column":0},"end":{"line":33,"column":2}},"37":{"start":{"line":38,"column":0},"end":{"line":38,"column":29}},"39":{"start":{"line":40,"column":0},"end":{"line":40,"column":14}},"40":{"start":{"line":41,"column":0},"end":{"line":41,"column":47}},"41":{"start":{"line":42,"column":0},"end":{"line":42,"column":14}},"42":{"start":{"line":43,"column":0},"end":{"line":43,"column":61}},"43":{"start":{"line":44,"column":0},"end":{"line":44,"column":6}},"44":{"start":{"line":45,"column":0},"end":{"line":45,"column":4}},"46":{"start":{"line":47,"column":0},"end":{"line":47,"column":11}},"47":{"start":{"line":48,"column":0},"end":{"line":48,"column":56}},"48":{"start":{"line":49,"column":0},"end":{"line":49,"column":14}},"49":{"start":{"line":50,"column":0},"end":{"line":50,"column":78}},"50":{"start":{"line":51,"column":0},"end":{"line":51,"column":6}},"51":{"start":{"line":52,"column":0},"end":{"line":52,"column":4}},"53":{"start":{"line":54,"column":0},"end":{"line":54,"column":9}},"54":{"start":{"line":55,"column":0},"end":{"line":55,"column":24}},"55":{"start":{"line":56,"column":0},"end":{"line":56,"column":14}},"56":{"start":{"line":57,"column":0},"end":{"line":57,"column":60}},"57":{"start":{"line":58,"column":0},"end":{"line":58,"column":6}},"58":{"start":{"line":59,"column":0},"end":{"line":59,"column":4}},"60":{"start":{"line":61,"column":0},"end":{"line":61,"column":12}},"61":{"start":{"line":62,"column":0},"end":{"line":62,"column":14}},"62":{"start":{"line":63,"column":0},"end":{"line":63,"column":46}},"63":{"start":{"line":64,"column":0},"end":{"line":64,"column":6}},"64":{"start":{"line":65,"column":0},"end":{"line":65,"column":4}},"65":{"start":{"line":66,"column":0},"end":{"line":66,"column":11}},"70":{"start":{"line":71,"column":0},"end":{"line":71,"column":23}},"72":{"start":{"line":73,"column":0},"end":{"line":73,"column":102}},"74":{"start":{"line":75,"column":0},"end":{"line":75,"column":18}},"75":{"start":{"line":76,"column":0},"end":{"line":76,"column":11}},"80":{"start":{"line":81,"column":0},"end":{"line":81,"column":28}},"81":{"start":{"line":82,"column":0},"end":{"line":82,"column":19}},"82":{"start":{"line":83,"column":0},"end":{"line":83,"column":19}},"83":{"start":{"line":84,"column":0},"end":{"line":84,"column":11}},"88":{"start":{"line":89,"column":0},"end":{"line":89,"column":23}},"89":{"start":{"line":90,"column":0},"end":{"line":90,"column":43}},"90":{"start":{"line":91,"column":0},"end":{"line":91,"column":42}},"91":{"start":{"line":92,"column":0},"end":{"line":92,"column":40}},"92":{"start":{"line":93,"column":0},"end":{"line":93,"column":11}},"97":{"start":{"line":98,"column":0},"end":{"line":98,"column":66}},"98":{"start":{"line":99,"column":0},"end":{"line":99,"column":44}},"100":{"start":{"line":101,"column":0},"end":{"line":101,"column":10}},"101":{"start":{"line":102,"column":0},"end":{"line":102,"column":25}},"102":{"start":{"line":103,"column":0},"end":{"line":103,"column":46}},"103":{"start":{"line":104,"column":0},"end":{"line":104,"column":30}},"104":{"start":{"line":105,"column":0},"end":{"line":105,"column":36}},"105":{"start":{"line":106,"column":0},"end":{"line":106,"column":32}},"106":{"start":{"line":107,"column":0},"end":{"line":107,"column":4}},"107":{"start":{"line":108,"column":0},"end":{"line":108,"column":1}},"112":{"start":{"line":113,"column":0},"end":{"line":113,"column":51}},"114":{"start":{"line":115,"column":0},"end":{"line":115,"column":38}},"115":{"start":{"line":116,"column":0},"end":{"line":116,"column":36}},"116":{"start":{"line":117,"column":0},"end":{"line":117,"column":49}},"117":{"start":{"line":118,"column":0},"end":{"line":118,"column":50}},"118":{"start":{"line":119,"column":0},"end":{"line":119,"column":45}},"119":{"start":{"line":120,"column":0},"end":{"line":120,"column":43}},"120":{"start":{"line":121,"column":0},"end":{"line":121,"column":38}},"123":{"start":{"line":124,"column":0},"end":{"line":124,"column":23}},"124":{"start":{"line":125,"column":0},"end":{"line":125,"column":24}},"125":{"start":{"line":126,"column":0},"end":{"line":126,"column":22}},"126":{"start":{"line":127,"column":0},"end":{"line":127,"column":22}},"127":{"start":{"line":128,"column":0},"end":{"line":128,"column":26}},"128":{"start":{"line":129,"column":0},"end":{"line":129,"column":24}},"129":{"start":{"line":130,"column":0},"end":{"line":130,"column":24}},"130":{"start":{"line":131,"column":0},"end":{"line":131,"column":25}},"133":{"start":{"line":134,"column":0},"end":{"line":134,"column":23}},"134":{"start":{"line":135,"column":0},"end":{"line":135,"column":25}},"135":{"start":{"line":136,"column":0},"end":{"line":136,"column":21}},"136":{"start":{"line":137,"column":0},"end":{"line":137,"column":21}},"137":{"start":{"line":138,"column":0},"end":{"line":138,"column":42}},"140":{"start":{"line":141,"column":0},"end":{"line":141,"column":28}},"143":{"start":{"line":144,"column":0},"end":{"line":144,"column":22}},"144":{"start":{"line":145,"column":0},"end":{"line":145,"column":24}},"145":{"start":{"line":146,"column":0},"end":{"line":146,"column":23}},"146":{"start":{"line":147,"column":0},"end":{"line":147,"column":22}},"147":{"start":{"line":148,"column":0},"end":{"line":148,"column":22}},"150":{"start":{"line":151,"column":0},"end":{"line":151,"column":28}},"151":{"start":{"line":152,"column":0},"end":{"line":152,"column":28}},"152":{"start":{"line":153,"column":0},"end":{"line":153,"column":28}},"155":{"start":{"line":156,"column":0},"end":{"line":156,"column":40}},"158":{"start":{"line":159,"column":0},"end":{"line":159,"column":33}},"159":{"start":{"line":160,"column":0},"end":{"line":160,"column":2}}},"s":{"7":1,"8":1,"9":1,"10":1,"11":1,"12":1,"13":1,"18":1,"19":1,"20":1,"21":1,"22":1,"23":1,"24":1,"25":1,"26":1,"27":1,"28":1,"29":1,"30":1,"31":1,"32":1,"37":1,"39":1,"40":1,"41":1,"42":1,"43":1,"44":1,"46":1,"47":1,"48":1,"49":1,"50":1,"51":1,"53":1,"54":1,"55":1,"56":1,"57":1,"58":1,"60":1,"61":1,"62":1,"63":1,"64":1,"65":1,"70":1,"72":1,"74":1,"75":1,"80":1,"81":1,"82":1,"83":1,"88":1,"89":1,"90":1,"91":1,"92":1,"97":1,"98":0,"100":0,"101":0,"102":0,"103":0,"104":0,"105":0,"106":0,"107":0,"112":1,"114":1,"115":1,"116":1,"117":1,"118":1,"119":1,"120":1,"123":1,"124":1,"125":1,"126":1,"127":1,"128":1,"129":1,"130":1,"133":1,"134":1,"135":1,"136":1,"137":1,"140":1,"143":1,"144":1,"145":1,"146":1,"147":1,"150":1,"151":1,"152":1,"155":1,"158":1,"159":1},"branchMap":{},"b":{},"fnMap":{"0":{"name":"getEnvironmentConfig","decl":{"start":{"line":98,"column":7},"end":{"line":108,"column":1}},"loc":{"start":{"line":98,"column":7},"end":{"line":108,"column":1}},"line":98}},"f":{"0":0}}
,"/Users/debar/code/phialoastro/workers/src/handlers/assets.ts": {"path":"/Users/debar/code/phialoastro/workers/src/handlers/assets.ts","all":false,"statementMap":{"0":{"start":{"line":1,"column":0},"end":{"line":1,"column":62}},"1":{"start":{"line":2,"column":0},"end":{"line":2,"column":93}},"2":{"start":{"line":3,"column":0},"end":{"line":3,"column":44}},"3":{"start":{"line":4,"column":0},"end":{"line":4,"column":41}},"6":{"start":{"line":7,"column":0},"end":{"line":7,"column":53}},"7":{"start":{"line":8,"column":0},"end":{"line":8,"column":47}},"12":{"start":{"line":13,"column":0},"end":{"line":13,"column":62}},"13":{"start":{"line":14,"column":0},"end":{"line":14,"column":35}},"14":{"start":{"line":15,"column":0},"end":{"line":15,"column":30}},"17":{"start":{"line":18,"column":0},"end":{"line":18,"column":25}},"18":{"start":{"line":19,"column":0},"end":{"line":19,"column":29}},"19":{"start":{"line":20,"column":0},"end":{"line":20,"column":38}},"20":{"start":{"line":21,"column":0},"end":{"line":21,"column":39}},"21":{"start":{"line":22,"column":0},"end":{"line":22,"column":39}},"23":{"start":{"line":24,"column":0},"end":{"line":24,"column":40}},"24":{"start":{"line":25,"column":0},"end":{"line":25,"column":3}},"26":{"start":{"line":27,"column":0},"end":{"line":27,"column":26}},"27":{"start":{"line":28,"column":0},"end":{"line":28,"column":46}},"28":{"start":{"line":29,"column":0},"end":{"line":29,"column":1}},"33":{"start":{"line":34,"column":0},"end":{"line":34,"column":64}},"34":{"start":{"line":35,"column":0},"end":{"line":35,"column":34}},"37":{"start":{"line":38,"column":0},"end":{"line":38,"column":57}},"38":{"start":{"line":39,"column":0},"end":{"line":39,"column":69}},"39":{"start":{"line":40,"column":0},"end":{"line":40,"column":3}},"41":{"start":{"line":42,"column":0},"end":{"line":42,"column":71}},"42":{"start":{"line":43,"column":0},"end":{"line":43,"column":86}},"43":{"start":{"line":44,"column":0},"end":{"line":44,"column":3}},"45":{"start":{"line":46,"column":0},"end":{"line":46,"column":59}},"46":{"start":{"line":47,"column":0},"end":{"line":47,"column":68}},"47":{"start":{"line":48,"column":0},"end":{"line":48,"column":3}},"49":{"start":{"line":50,"column":0},"end":{"line":50,"column":8}},"50":{"start":{"line":51,"column":0},"end":{"line":51,"column":54}},"51":{"start":{"line":52,"column":0},"end":{"line":52,"column":3}},"53":{"start":{"line":54,"column":0},"end":{"line":54,"column":17}},"54":{"start":{"line":55,"column":0},"end":{"line":55,"column":1}},"59":{"start":{"line":60,"column":0},"end":{"line":60,"column":39}},"60":{"start":{"line":61,"column":0},"end":{"line":61,"column":25}},"61":{"start":{"line":62,"column":0},"end":{"line":62,"column":31}},"62":{"start":{"line":63,"column":0},"end":{"line":63,"column":22}},"63":{"start":{"line":64,"column":0},"end":{"line":64,"column":40}},"65":{"start":{"line":66,"column":0},"end":{"line":66,"column":21}},"66":{"start":{"line":67,"column":0},"end":{"line":67,"column":42}},"67":{"start":{"line":68,"column":0},"end":{"line":68,"column":34}},"68":{"start":{"line":69,"column":0},"end":{"line":69,"column":71}},"69":{"start":{"line":70,"column":0},"end":{"line":70,"column":40}},"70":{"start":{"line":71,"column":0},"end":{"line":71,"column":4}},"72":{"start":{"line":73,"column":0},"end":{"line":73,"column":7}},"73":{"start":{"line":74,"column":0},"end":{"line":74,"column":42}},"74":{"start":{"line":75,"column":0},"end":{"line":75,"column":7}},"75":{"start":{"line":76,"column":0},"end":{"line":76,"column":16}},"76":{"start":{"line":77,"column":0},"end":{"line":77,"column":43}},"77":{"start":{"line":78,"column":0},"end":{"line":78,"column":8}},"78":{"start":{"line":79,"column":0},"end":{"line":79,"column":15}},"79":{"start":{"line":80,"column":0},"end":{"line":80,"column":6}},"81":{"start":{"line":82,"column":0},"end":{"line":82,"column":20}},"82":{"start":{"line":83,"column":0},"end":{"line":83,"column":24}},"84":{"start":{"line":85,"column":0},"end":{"line":85,"column":31}},"85":{"start":{"line":86,"column":0},"end":{"line":86,"column":28}},"86":{"start":{"line":87,"column":0},"end":{"line":87,"column":28}},"87":{"start":{"line":88,"column":0},"end":{"line":88,"column":12}},"88":{"start":{"line":89,"column":0},"end":{"line":89,"column":26}},"89":{"start":{"line":90,"column":0},"end":{"line":90,"column":47}},"90":{"start":{"line":91,"column":0},"end":{"line":91,"column":8}},"91":{"start":{"line":92,"column":0},"end":{"line":92,"column":5}},"93":{"start":{"line":94,"column":0},"end":{"line":94,"column":51}},"94":{"start":{"line":95,"column":0},"end":{"line":95,"column":27}},"95":{"start":{"line":96,"column":0},"end":{"line":96,"column":25}},"96":{"start":{"line":97,"column":0},"end":{"line":97,"column":42}},"97":{"start":{"line":98,"column":0},"end":{"line":98,"column":7}},"99":{"start":{"line":100,"column":0},"end":{"line":100,"column":26}},"100":{"start":{"line":101,"column":0},"end":{"line":101,"column":31}},"101":{"start":{"line":102,"column":0},"end":{"line":102,"column":10}},"102":{"start":{"line":103,"column":0},"end":{"line":103,"column":30}},"103":{"start":{"line":104,"column":0},"end":{"line":104,"column":38}},"104":{"start":{"line":105,"column":0},"end":{"line":105,"column":6}},"105":{"start":{"line":106,"column":0},"end":{"line":106,"column":3}},"106":{"start":{"line":107,"column":0},"end":{"line":107,"column":1}},"111":{"start":{"line":112,"column":0},"end":{"line":112,"column":86}},"112":{"start":{"line":113,"column":0},"end":{"line":113,"column":48}},"115":{"start":{"line":116,"column":0},"end":{"line":116,"column":44}},"116":{"start":{"line":117,"column":0},"end":{"line":117,"column":20}},"117":{"start":{"line":118,"column":0},"end":{"line":118,"column":45}},"118":{"start":{"line":119,"column":0},"end":{"line":119,"column":3}},"121":{"start":{"line":122,"column":0},"end":{"line":122,"column":49}},"122":{"start":{"line":123,"column":0},"end":{"line":123,"column":58}},"123":{"start":{"line":124,"column":0},"end":{"line":124,"column":38}},"124":{"start":{"line":125,"column":0},"end":{"line":125,"column":5}},"126":{"start":{"line":127,"column":0},"end":{"line":127,"column":38}},"127":{"start":{"line":128,"column":0},"end":{"line":128,"column":28}},"128":{"start":{"line":129,"column":0},"end":{"line":129,"column":36}},"129":{"start":{"line":130,"column":0},"end":{"line":130,"column":12}},"130":{"start":{"line":131,"column":0},"end":{"line":131,"column":5}},"131":{"start":{"line":132,"column":0},"end":{"line":132,"column":1}},"136":{"start":{"line":137,"column":0},"end":{"line":137,"column":76}},"137":{"start":{"line":138,"column":0},"end":{"line":138,"column":31}},"138":{"start":{"line":139,"column":0},"end":{"line":139,"column":43}},"140":{"start":{"line":141,"column":0},"end":{"line":141,"column":7}},"142":{"start":{"line":143,"column":0},"end":{"line":143,"column":85}},"143":{"start":{"line":144,"column":0},"end":{"line":144,"column":69}},"145":{"start":{"line":146,"column":0},"end":{"line":146,"column":69}},"148":{"start":{"line":149,"column":0},"end":{"line":149,"column":48}},"149":{"start":{"line":150,"column":0},"end":{"line":150,"column":18}},"150":{"start":{"line":151,"column":0},"end":{"line":151,"column":30}},"151":{"start":{"line":152,"column":0},"end":{"line":152,"column":40}},"152":{"start":{"line":153,"column":0},"end":{"line":153,"column":7}},"153":{"start":{"line":154,"column":0},"end":{"line":154,"column":19}},"155":{"start":{"line":156,"column":0},"end":{"line":156,"column":54}},"157":{"start":{"line":158,"column":0},"end":{"line":158,"column":24}},"158":{"start":{"line":159,"column":0},"end":{"line":159,"column":22}},"178":{"start":{"line":179,"column":0},"end":{"line":179,"column":7}},"179":{"start":{"line":180,"column":0},"end":{"line":180,"column":20}},"180":{"start":{"line":181,"column":0},"end":{"line":181,"column":18}},"181":{"start":{"line":182,"column":0},"end":{"line":182,"column":53}},"182":{"start":{"line":183,"column":0},"end":{"line":183,"column":64}},"183":{"start":{"line":184,"column":0},"end":{"line":184,"column":10}},"184":{"start":{"line":185,"column":0},"end":{"line":185,"column":7}},"185":{"start":{"line":186,"column":0},"end":{"line":186,"column":6}},"186":{"start":{"line":187,"column":0},"end":{"line":187,"column":3}},"187":{"start":{"line":188,"column":0},"end":{"line":188,"column":1}}},"s":{"0":1,"1":1,"2":1,"3":1,"6":1,"7":1,"12":1,"13":6,"14":6,"17":6,"18":1,"19":6,"20":1,"21":5,"23":3,"24":3,"26":6,"27":6,"28":6,"33":1,"34":16,"37":16,"38":6,"39":6,"41":10,"42":3,"43":3,"45":7,"46":5,"47":5,"49":2,"50":2,"51":2,"53":16,"54":16,"59":9,"60":9,"61":9,"62":9,"63":9,"65":9,"66":9,"67":9,"68":9,"69":9,"70":9,"72":9,"73":9,"74":9,"75":9,"76":9,"77":9,"78":9,"79":9,"81":5,"82":9,"84":4,"85":1,"86":1,"87":1,"88":1,"89":1,"90":1,"91":1,"93":3,"94":3,"95":3,"96":3,"97":3,"99":3,"100":3,"101":3,"102":3,"103":3,"104":3,"105":3,"106":9,"111":1,"112":4,"115":4,"116":4,"117":4,"118":4,"121":4,"122":4,"123":4,"124":4,"126":4,"127":4,"128":4,"129":4,"130":4,"131":4,"136":3,"137":3,"138":3,"140":3,"142":3,"143":3,"145":3,"148":1,"149":1,"150":1,"151":1,"152":1,"153":3,"155":2,"157":2,"158":2,"178":2,"179":2,"180":2,"181":2,"182":2,"183":2,"184":2,"185":2,"186":2,"187":3},"branchMap":{"0":{"type":"branch","line":13,"loc":{"start":{"line":13,"column":7},"end":{"line":29,"column":1}},"locations":[{"start":{"line":13,"column":7},"end":{"line":29,"column":1}}]},"1":{"type":"branch","line":18,"loc":{"start":{"line":18,"column":24},"end":{"line":20,"column":13}},"locations":[{"start":{"line":18,"column":24},"end":{"line":20,"column":13}}]},"2":{"type":"branch","line":20,"loc":{"start":{"line":20,"column":2},"end":{"line":25,"column":3}},"locations":[{"start":{"line":20,"column":2},"end":{"line":25,"column":3}}]},"3":{"type":"branch","line":20,"loc":{"start":{"line":20,"column":37},"end":{"line":22,"column":13}},"locations":[{"start":{"line":20,"column":37},"end":{"line":22,"column":13}}]},"4":{"type":"branch","line":22,"loc":{"start":{"line":22,"column":2},"end":{"line":25,"column":3}},"locations":[{"start":{"line":22,"column":2},"end":{"line":25,"column":3}}]},"5":{"type":"branch","line":22,"loc":{"start":{"line":22,"column":38},"end":{"line":25,"column":3}},"locations":[{"start":{"line":22,"column":38},"end":{"line":25,"column":3}}]},"6":{"type":"branch","line":34,"loc":{"start":{"line":34,"column":7},"end":{"line":55,"column":1}},"locations":[{"start":{"line":34,"column":7},"end":{"line":55,"column":1}}]},"7":{"type":"branch","line":38,"loc":{"start":{"line":38,"column":56},"end":{"line":40,"column":3}},"locations":[{"start":{"line":38,"column":56},"end":{"line":40,"column":3}}]},"8":{"type":"branch","line":40,"loc":{"start":{"line":40,"column":2},"end":{"line":52,"column":3}},"locations":[{"start":{"line":40,"column":2},"end":{"line":52,"column":3}}]},"9":{"type":"branch","line":42,"loc":{"start":{"line":42,"column":70},"end":{"line":44,"column":3}},"locations":[{"start":{"line":42,"column":70},"end":{"line":44,"column":3}}]},"10":{"type":"branch","line":44,"loc":{"start":{"line":44,"column":2},"end":{"line":52,"column":3}},"locations":[{"start":{"line":44,"column":2},"end":{"line":52,"column":3}}]},"11":{"type":"branch","line":46,"loc":{"start":{"line":46,"column":35},"end":{"line":46,"column":58}},"locations":[{"start":{"line":46,"column":35},"end":{"line":46,"column":58}}]},"12":{"type":"branch","line":46,"loc":{"start":{"line":46,"column":58},"end":{"line":48,"column":3}},"locations":[{"start":{"line":46,"column":58},"end":{"line":48,"column":3}}]},"13":{"type":"branch","line":48,"loc":{"start":{"line":48,"column":2},"end":{"line":52,"column":3}},"locations":[{"start":{"line":48,"column":2},"end":{"line":52,"column":3}}]},"14":{"type":"branch","line":60,"loc":{"start":{"line":60,"column":0},"end":{"line":107,"column":1}},"locations":[{"start":{"line":60,"column":0},"end":{"line":107,"column":1}}]},"15":{"type":"branch","line":69,"loc":{"start":{"line":69,"column":23},"end":{"line":69,"column":53}},"locations":[{"start":{"line":69,"column":23},"end":{"line":69,"column":53}}]},"16":{"type":"branch","line":69,"loc":{"start":{"line":69,"column":32},"end":{"line":69,"column":71}},"locations":[{"start":{"line":69,"column":32},"end":{"line":69,"column":71}}]},"17":{"type":"branch","line":70,"loc":{"start":{"line":70,"column":18},"end":{"line":70,"column":40}},"locations":[{"start":{"line":70,"column":18},"end":{"line":70,"column":40}}]},"18":{"type":"branch","line":80,"loc":{"start":{"line":80,"column":4},"end":{"line":83,"column":11}},"locations":[{"start":{"line":80,"column":4},"end":{"line":83,"column":11}}]},"19":{"type":"branch","line":83,"loc":{"start":{"line":83,"column":2},"end":{"line":106,"column":3}},"locations":[{"start":{"line":83,"column":2},"end":{"line":106,"column":3}}]},"20":{"type":"branch","line":85,"loc":{"start":{"line":85,"column":30},"end":{"line":92,"column":5}},"locations":[{"start":{"line":85,"column":30},"end":{"line":92,"column":5}}]},"21":{"type":"branch","line":92,"loc":{"start":{"line":92,"column":4},"end":{"line":106,"column":3}},"locations":[{"start":{"line":92,"column":4},"end":{"line":106,"column":3}}]},"22":{"type":"branch","line":112,"loc":{"start":{"line":112,"column":7},"end":{"line":132,"column":1}},"locations":[{"start":{"line":112,"column":7},"end":{"line":132,"column":1}}]},"23":{"type":"branch","line":123,"loc":{"start":{"line":123,"column":39},"end":{"line":125,"column":3}},"locations":[{"start":{"line":123,"column":39},"end":{"line":125,"column":3}}]},"24":{"type":"branch","line":137,"loc":{"start":{"line":137,"column":0},"end":{"line":188,"column":1}},"locations":[{"start":{"line":137,"column":0},"end":{"line":188,"column":1}}]},"25":{"type":"branch","line":146,"loc":{"start":{"line":146,"column":67},"end":{"line":154,"column":11}},"locations":[{"start":{"line":146,"column":67},"end":{"line":154,"column":11}}]},"26":{"type":"branch","line":154,"loc":{"start":{"line":154,"column":2},"end":{"line":187,"column":3}},"locations":[{"start":{"line":154,"column":2},"end":{"line":187,"column":3}}]}},"b":{"0":[6],"1":[1],"2":[5],"3":[1],"4":[4],"5":[3],"6":[16],"7":[6],"8":[10],"9":[3],"10":[7],"11":[3],"12":[5],"13":[2],"14":[9],"15":[1],"16":[8],"17":[1],"18":[5],"19":[4],"20":[1],"21":[3],"22":[4],"23":[4],"24":[3],"25":[1],"26":[2]},"fnMap":{"0":{"name":"mapRequestToAsset","decl":{"start":{"line":13,"column":7},"end":{"line":29,"column":1}},"loc":{"start":{"line":13,"column":7},"end":{"line":29,"column":1}},"line":13},"1":{"name":"getCacheHeaders","decl":{"start":{"line":34,"column":7},"end":{"line":55,"column":1}},"loc":{"start":{"line":34,"column":7},"end":{"line":55,"column":1}},"line":34},"2":{"name":"fetchAssetFromKV","decl":{"start":{"line":60,"column":0},"end":{"line":107,"column":1}},"loc":{"start":{"line":60,"column":0},"end":{"line":107,"column":1}},"line":60},"3":{"name":"processAssetResponse","decl":{"start":{"line":112,"column":7},"end":{"line":132,"column":1}},"loc":{"start":{"line":112,"column":7},"end":{"line":132,"column":1}},"line":112},"4":{"name":"handle404","decl":{"start":{"line":137,"column":0},"end":{"line":188,"column":1}},"loc":{"start":{"line":137,"column":0},"end":{"line":188,"column":1}},"line":137}},"f":{"0":6,"1":16,"2":9,"3":4,"4":3}}
,"/Users/debar/code/phialoastro/workers/src/handlers/headers.ts": {"path":"/Users/debar/code/phialoastro/workers/src/handlers/headers.ts","all":false,"statementMap":{"0":{"start":{"line":1,"column":0},"end":{"line":1,"column":78}},"1":{"start":{"line":2,"column":0},"end":{"line":2,"column":48}},"3":{"start":{"line":4,"column":0},"end":{"line":4,"column":51}},"4":{"start":{"line":5,"column":0},"end":{"line":5,"column":41}},"5":{"start":{"line":6,"column":0},"end":{"line":6,"column":51}},"6":{"start":{"line":7,"column":0},"end":{"line":7,"column":68}},"7":{"start":{"line":8,"column":0},"end":{"line":8,"column":80}},"9":{"start":{"line":10,"column":0},"end":{"line":10,"column":15}},"10":{"start":{"line":11,"column":0},"end":{"line":11,"column":25}},"11":{"start":{"line":12,"column":0},"end":{"line":12,"column":111}},"12":{"start":{"line":13,"column":0},"end":{"line":13,"column":68}},"13":{"start":{"line":14,"column":0},"end":{"line":14,"column":48}},"14":{"start":{"line":15,"column":0},"end":{"line":15,"column":40}},"15":{"start":{"line":16,"column":0},"end":{"line":16,"column":30}},"16":{"start":{"line":17,"column":0},"end":{"line":17,"column":25}},"17":{"start":{"line":18,"column":0},"end":{"line":18,"column":80}},"18":{"start":{"line":19,"column":0},"end":{"line":19,"column":24}},"19":{"start":{"line":20,"column":0},"end":{"line":20,"column":22}},"20":{"start":{"line":21,"column":0},"end":{"line":21,"column":25}},"21":{"start":{"line":22,"column":0},"end":{"line":22,"column":29}},"22":{"start":{"line":23,"column":0},"end":{"line":23,"column":31}},"23":{"start":{"line":24,"column":0},"end":{"line":24,"column":15}},"25":{"start":{"line":26,"column":0},"end":{"line":26,"column":46}},"27":{"start":{"line":28,"column":0},"end":{"line":28,"column":49}},"29":{"start":{"line":30,"column":0},"end":{"line":30,"column":57}},"30":{"start":{"line":31,"column":0},"end":{"line":31,"column":72}},"31":{"start":{"line":32,"column":0},"end":{"line":32,"column":73}},"32":{"start":{"line":33,"column":0},"end":{"line":33,"column":89}},"33":{"start":{"line":34,"column":0},"end":{"line":34,"column":61}},"34":{"start":{"line":35,"column":0},"end":{"line":35,"column":71}},"35":{"start":{"line":36,"column":0},"end":{"line":36,"column":3}},"37":{"start":{"line":38,"column":0},"end":{"line":38,"column":38}},"38":{"start":{"line":39,"column":0},"end":{"line":39,"column":28}},"39":{"start":{"line":40,"column":0},"end":{"line":40,"column":36}},"40":{"start":{"line":41,"column":0},"end":{"line":41,"column":12}},"41":{"start":{"line":42,"column":0},"end":{"line":42,"column":5}},"42":{"start":{"line":43,"column":0},"end":{"line":43,"column":1}}},"s":{"0":1,"1":27,"3":27,"4":27,"5":27,"6":27,"7":27,"9":27,"10":27,"11":27,"12":27,"13":27,"14":27,"15":27,"16":27,"17":27,"18":27,"19":27,"20":27,"21":27,"22":27,"23":27,"25":27,"27":27,"29":27,"30":8,"31":27,"32":2,"33":19,"34":16,"35":16,"37":27,"38":27,"39":27,"40":27,"41":27,"42":27},"branchMap":{"0":{"type":"branch","line":1,"loc":{"start":{"line":1,"column":7},"end":{"line":43,"column":1}},"locations":[{"start":{"line":1,"column":7},"end":{"line":43,"column":1}}]},"1":{"type":"branch","line":30,"loc":{"start":{"line":30,"column":56},"end":{"line":32,"column":13}},"locations":[{"start":{"line":30,"column":56},"end":{"line":32,"column":13}}]},"2":{"type":"branch","line":32,"loc":{"start":{"line":32,"column":2},"end":{"line":36,"column":3}},"locations":[{"start":{"line":32,"column":2},"end":{"line":36,"column":3}}]},"3":{"type":"branch","line":32,"loc":{"start":{"line":32,"column":72},"end":{"line":34,"column":13}},"locations":[{"start":{"line":32,"column":72},"end":{"line":34,"column":13}}]},"4":{"type":"branch","line":34,"loc":{"start":{"line":34,"column":2},"end":{"line":36,"column":3}},"locations":[{"start":{"line":34,"column":2},"end":{"line":36,"column":3}}]},"5":{"type":"branch","line":34,"loc":{"start":{"line":34,"column":37},"end":{"line":34,"column":60}},"locations":[{"start":{"line":34,"column":37},"end":{"line":34,"column":60}}]},"6":{"type":"branch","line":34,"loc":{"start":{"line":34,"column":60},"end":{"line":36,"column":3}},"locations":[{"start":{"line":34,"column":60},"end":{"line":36,"column":3}}]}},"b":{"0":[27],"1":[8],"2":[19],"3":[2],"4":[17],"5":[11],"6":[16]},"fnMap":{"0":{"name":"applyHeaders","decl":{"start":{"line":1,"column":7},"end":{"line":43,"column":1}},"loc":{"start":{"line":1,"column":7},"end":{"line":43,"column":1}},"line":1}},"f":{"0":27}}
,"/Users/debar/code/phialoastro/workers/src/handlers/redirects.ts": {"path":"/Users/debar/code/phialoastro/workers/src/handlers/redirects.ts","all":false,"statementMap":{"6":{"start":{"line":7,"column":0},"end":{"line":7,"column":39}},"12":{"start":{"line":13,"column":0},"end":{"line":13,"column":2}},"14":{"start":{"line":15,"column":0},"end":{"line":15,"column":83}},"15":{"start":{"line":16,"column":0},"end":{"line":16,"column":35}},"16":{"start":{"line":17,"column":0},"end":{"line":17,"column":32}},"19":{"start":{"line":20,"column":0},"end":{"line":20,"column":51}},"20":{"start":{"line":21,"column":0},"end":{"line":21,"column":32}},"21":{"start":{"line":22,"column":0},"end":{"line":22,"column":44}},"22":{"start":{"line":23,"column":0},"end":{"line":23,"column":53}},"23":{"start":{"line":24,"column":0},"end":{"line":24,"column":3}},"26":{"start":{"line":27,"column":0},"end":{"line":27,"column":37}},"27":{"start":{"line":28,"column":0},"end":{"line":28,"column":73}},"28":{"start":{"line":29,"column":0},"end":{"line":29,"column":59}},"29":{"start":{"line":30,"column":0},"end":{"line":30,"column":34}},"30":{"start":{"line":31,"column":0},"end":{"line":31,"column":32}},"32":{"start":{"line":33,"column":0},"end":{"line":33,"column":70}},"33":{"start":{"line":34,"column":0},"end":{"line":34,"column":5}},"34":{"start":{"line":35,"column":0},"end":{"line":35,"column":3}},"36":{"start":{"line":37,"column":0},"end":{"line":37,"column":9}},"37":{"start":{"line":38,"column":0},"end":{"line":38,"column":1}}},"s":{"6":1,"12":1,"14":21,"15":21,"16":21,"19":21,"20":15,"21":15,"22":15,"23":15,"26":21,"27":0,"28":0,"29":0,"30":0,"32":0,"33":0,"34":0,"36":6,"37":6},"branchMap":{"0":{"type":"branch","line":15,"loc":{"start":{"line":15,"column":0},"end":{"line":38,"column":1}},"locations":[{"start":{"line":15,"column":0},"end":{"line":38,"column":1}}]},"1":{"type":"branch","line":20,"loc":{"start":{"line":20,"column":19},"end":{"line":20,"column":50}},"locations":[{"start":{"line":20,"column":19},"end":{"line":20,"column":50}}]},"2":{"type":"branch","line":20,"loc":{"start":{"line":20,"column":50},"end":{"line":24,"column":3}},"locations":[{"start":{"line":20,"column":50},"end":{"line":24,"column":3}}]},"3":{"type":"branch","line":24,"loc":{"start":{"line":24,"column":2},"end":{"line":27,"column":36}},"locations":[{"start":{"line":24,"column":2},"end":{"line":27,"column":36}}]},"4":{"type":"branch","line":27,"loc":{"start":{"line":27,"column":36},"end":{"line":35,"column":3}},"locations":[{"start":{"line":27,"column":36},"end":{"line":35,"column":3}}]},"5":{"type":"branch","line":35,"loc":{"start":{"line":35,"column":2},"end":{"line":38,"column":1}},"locations":[{"start":{"line":35,"column":2},"end":{"line":38,"column":1}}]}},"b":{"0":[21],"1":[19],"2":[15],"3":[6],"4":[0],"5":[6]},"fnMap":{"0":{"name":"handleRedirects","decl":{"start":{"line":15,"column":0},"end":{"line":38,"column":1}},"loc":{"start":{"line":15,"column":0},"end":{"line":38,"column":1}},"line":15}},"f":{"0":21}}
,"/Users/debar/code/phialoastro/workers/src/handlers/security.ts": {"path":"/Users/debar/code/phialoastro/workers/src/handlers/security.ts","all":true,"statementMap":{"0":{"start":{"line":1,"column":0},"end":{"line":1,"column":61}},"5":{"start":{"line":6,"column":0},"end":{"line":6,"column":86}},"6":{"start":{"line":7,"column":0},"end":{"line":7,"column":48}},"9":{"start":{"line":10,"column":0},"end":{"line":10,"column":62}},"10":{"start":{"line":11,"column":0},"end":{"line":11,"column":28}},"11":{"start":{"line":12,"column":0},"end":{"line":12,"column":5}},"14":{"start":{"line":15,"column":0},"end":{"line":15,"column":68}},"17":{"start":{"line":18,"column":0},"end":{"line":18,"column":56}},"19":{"start":{"line":20,"column":0},"end":{"line":20,"column":42}},"21":{"start":{"line":22,"column":0},"end":{"line":22,"column":43}},"22":{"start":{"line":23,"column":0},"end":{"line":23,"column":3}},"25":{"start":{"line":26,"column":0},"end":{"line":26,"column":35}},"26":{"start":{"line":27,"column":0},"end":{"line":27,"column":34}},"27":{"start":{"line":28,"column":0},"end":{"line":28,"column":16}},"28":{"start":{"line":29,"column":0},"end":{"line":29,"column":34}},"29":{"start":{"line":30,"column":0},"end":{"line":30,"column":52}},"30":{"start":{"line":31,"column":0},"end":{"line":31,"column":6}},"31":{"start":{"line":32,"column":0},"end":{"line":32,"column":3}},"33":{"start":{"line":34,"column":0},"end":{"line":34,"column":38}},"34":{"start":{"line":35,"column":0},"end":{"line":35,"column":28}},"35":{"start":{"line":36,"column":0},"end":{"line":36,"column":36}},"36":{"start":{"line":37,"column":0},"end":{"line":37,"column":12}},"37":{"start":{"line":38,"column":0},"end":{"line":38,"column":5}},"38":{"start":{"line":39,"column":0},"end":{"line":39,"column":1}}},"s":{"0":0,"5":0,"6":0,"9":0,"10":0,"11":0,"14":0,"17":0,"19":0,"21":0,"22":0,"25":0,"26":0,"27":0,"28":0,"29":0,"30":0,"31":0,"33":0,"34":0,"35":0,"36":0,"37":0,"38":0},"branchMap":{"0":{"type":"branch","line":1,"loc":{"start":{"line":1,"column":1083},"end":{"line":39,"column":1}},"locations":[{"start":{"line":1,"column":1083},"end":{"line":39,"column":1}}]}},"b":{"0":[0]},"fnMap":{"0":{"name":"(empty-report)","decl":{"start":{"line":1,"column":1083},"end":{"line":39,"column":1}},"loc":{"start":{"line":1,"column":1083},"end":{"line":39,"column":1}},"line":1}},"f":{"0":0}}
,"/Users/debar/code/phialoastro/workers/src/handlers/static.ts": {"path":"/Users/debar/code/phialoastro/workers/src/handlers/static.ts","all":true,"statementMap":{"4":{"start":{"line":5,"column":0},"end":{"line":5,"column":77}},"9":{"start":{"line":10,"column":0},"end":{"line":10,"column":106}},"10":{"start":{"line":11,"column":0},"end":{"line":11,"column":55}},"12":{"start":{"line":13,"column":0},"end":{"line":13,"column":7}},"13":{"start":{"line":14,"column":0},"end":{"line":14,"column":53}},"14":{"start":{"line":15,"column":0},"end":{"line":15,"column":73}},"15":{"start":{"line":16,"column":0},"end":{"line":16,"column":24}},"16":{"start":{"line":17,"column":0},"end":{"line":17,"column":35}},"17":{"start":{"line":18,"column":0},"end":{"line":18,"column":32}},"18":{"start":{"line":19,"column":0},"end":{"line":19,"column":5}},"19":{"start":{"line":20,"column":0},"end":{"line":20,"column":16}},"20":{"start":{"line":21,"column":0},"end":{"line":21,"column":3}},"21":{"start":{"line":22,"column":0},"end":{"line":22,"column":1}}},"s":{"4":0,"9":0,"10":0,"12":0,"13":0,"14":0,"15":0,"16":0,"17":0,"18":0,"19":0,"20":0,"21":0},"branchMap":{"0":{"type":"branch","line":1,"loc":{"start":{"line":1,"column":733},"end":{"line":22,"column":1}},"locations":[{"start":{"line":1,"column":733},"end":{"line":22,"column":1}}]}},"b":{"0":[1]},"fnMap":{"0":{"name":"(empty-report)","decl":{"start":{"line":1,"column":733},"end":{"line":22,"column":1}},"loc":{"start":{"line":1,"column":733},"end":{"line":22,"column":1}},"line":1}},"f":{"0":1}}
,"/Users/debar/code/phialoastro/workers/src/middleware/cache.ts": {"path":"/Users/debar/code/phialoastro/workers/src/middleware/cache.ts","all":true,"statementMap":{"1":{"start":{"line":2,"column":0},"end":{"line":2,"column":41}},"6":{"start":{"line":7,"column":0},"end":{"line":7,"column":64}},"7":{"start":{"line":8,"column":0},"end":{"line":8,"column":63}},"8":{"start":{"line":9,"column":0},"end":{"line":9,"column":37}},"9":{"start":{"line":10,"column":0},"end":{"line":10,"column":42}},"12":{"start":{"line":13,"column":0},"end":{"line":13,"column":55}},"15":{"start":{"line":16,"column":0},"end":{"line":16,"column":47}},"17":{"start":{"line":18,"column":0},"end":{"line":18,"column":19}},"19":{"start":{"line":20,"column":0},"end":{"line":20,"column":52}},"20":{"start":{"line":21,"column":0},"end":{"line":21,"column":44}},"22":{"start":{"line":23,"column":0},"end":{"line":23,"column":33}},"23":{"start":{"line":24,"column":0},"end":{"line":24,"column":25}},"24":{"start":{"line":25,"column":0},"end":{"line":25,"column":27}},"25":{"start":{"line":26,"column":0},"end":{"line":26,"column":9}},"27":{"start":{"line":28,"column":0},"end":{"line":28,"column":42}},"28":{"start":{"line":29,"column":0},"end":{"line":29,"column":32}},"29":{"start":{"line":30,"column":0},"end":{"line":30,"column":40}},"30":{"start":{"line":31,"column":0},"end":{"line":31,"column":16}},"31":{"start":{"line":32,"column":0},"end":{"line":32,"column":9}},"32":{"start":{"line":33,"column":0},"end":{"line":33,"column":5}},"35":{"start":{"line":36,"column":0},"end":{"line":36,"column":38}},"38":{"start":{"line":39,"column":0},"end":{"line":39,"column":34}},"39":{"start":{"line":40,"column":0},"end":{"line":40,"column":52}},"40":{"start":{"line":41,"column":0},"end":{"line":41,"column":45}},"42":{"start":{"line":43,"column":0},"end":{"line":43,"column":58}},"43":{"start":{"line":44,"column":0},"end":{"line":44,"column":32}},"44":{"start":{"line":45,"column":0},"end":{"line":45,"column":40}},"45":{"start":{"line":46,"column":0},"end":{"line":46,"column":16}},"46":{"start":{"line":47,"column":0},"end":{"line":47,"column":9}},"49":{"start":{"line":50,"column":0},"end":{"line":50,"column":65}},"51":{"start":{"line":52,"column":0},"end":{"line":52,"column":53}},"52":{"start":{"line":53,"column":0},"end":{"line":53,"column":25}},"53":{"start":{"line":54,"column":0},"end":{"line":54,"column":28}},"54":{"start":{"line":55,"column":0},"end":{"line":55,"column":9}},"56":{"start":{"line":57,"column":0},"end":{"line":57,"column":28}},"57":{"start":{"line":58,"column":0},"end":{"line":58,"column":5}},"60":{"start":{"line":61,"column":0},"end":{"line":61,"column":20}},"61":{"start":{"line":62,"column":0},"end":{"line":62,"column":4}},"62":{"start":{"line":63,"column":0},"end":{"line":63,"column":1}},"67":{"start":{"line":68,"column":0},"end":{"line":68,"column":77}},"68":{"start":{"line":69,"column":0},"end":{"line":69,"column":40}},"69":{"start":{"line":70,"column":0},"end":{"line":70,"column":22}},"73":{"start":{"line":74,"column":0},"end":{"line":74,"column":72}},"75":{"start":{"line":76,"column":0},"end":{"line":76,"column":21}},"76":{"start":{"line":77,"column":0},"end":{"line":77,"column":1}},"81":{"start":{"line":82,"column":0},"end":{"line":82,"column":60}},"85":{"start":{"line":86,"column":0},"end":{"line":86,"column":13}},"86":{"start":{"line":87,"column":0},"end":{"line":87,"column":35}},"89":{"start":{"line":90,"column":0},"end":{"line":90,"column":30}},"90":{"start":{"line":91,"column":0},"end":{"line":91,"column":20}},"91":{"start":{"line":92,"column":0},"end":{"line":92,"column":3}},"94":{"start":{"line":95,"column":0},"end":{"line":95,"column":55}},"95":{"start":{"line":96,"column":0},"end":{"line":96,"column":59}},"96":{"start":{"line":97,"column":0},"end":{"line":97,"column":29}},"97":{"start":{"line":98,"column":0},"end":{"line":98,"column":5}},"100":{"start":{"line":101,"column":0},"end":{"line":101,"column":31}},"101":{"start":{"line":102,"column":0},"end":{"line":102,"column":57}},"102":{"start":{"line":103,"column":0},"end":{"line":103,"column":68}},"103":{"start":{"line":104,"column":0},"end":{"line":104,"column":53}},"104":{"start":{"line":105,"column":0},"end":{"line":105,"column":3}},"106":{"start":{"line":107,"column":0},"end":{"line":107,"column":25}},"107":{"start":{"line":108,"column":0},"end":{"line":108,"column":1}}},"s":{"1":0,"6":0,"7":0,"8":0,"9":0,"12":0,"15":0,"17":0,"19":0,"20":0,"22":0,"23":0,"24":0,"25":0,"27":0,"28":0,"29":0,"30":0,"31":0,"32":0,"35":0,"38":0,"39":0,"40":0,"42":0,"43":0,"44":0,"45":0,"46":0,"49":0,"51":0,"52":0,"53":0,"54":0,"56":0,"57":0,"60":0,"61":0,"62":0,"67":0,"68":0,"69":0,"73":0,"75":0,"76":0,"81":0,"85":0,"86":0,"89":0,"90":0,"91":0,"94":0,"95":0,"96":0,"97":0,"100":0,"101":0,"102":0,"103":0,"104":0,"106":0,"107":0},"branchMap":{"0":{"type":"branch","line":1,"loc":{"start":{"line":1,"column":2971},"end":{"line":108,"column":1}},"locations":[{"start":{"line":1,"column":2971},"end":{"line":108,"column":1}}]}},"b":{"0":[1]},"fnMap":{"0":{"name":"(empty-report)","decl":{"start":{"line":1,"column":2971},"end":{"line":108,"column":1}},"loc":{"start":{"line":1,"column":2971},"end":{"line":108,"column":1}},"line":1}},"f":{"0":1}}
,"/Users/debar/code/phialoastro/workers/src/middleware/cors.ts": {"path":"/Users/debar/code/phialoastro/workers/src/middleware/cors.ts","all":true,"statementMap":{"17":{"start":{"line":18,"column":0},"end":{"line":18,"column":39}},"18":{"start":{"line":19,"column":0},"end":{"line":19,"column":19}},"19":{"start":{"line":20,"column":0},"end":{"line":20,"column":43}},"20":{"start":{"line":21,"column":0},"end":{"line":21,"column":33}},"21":{"start":{"line":22,"column":0},"end":{"line":22,"column":28}},"22":{"start":{"line":23,"column":0},"end":{"line":23,"column":21}},"23":{"start":{"line":24,"column":0},"end":{"line":24,"column":2}},"28":{"start":{"line":29,"column":0},"end":{"line":29,"column":31}},"29":{"start":{"line":30,"column":0},"end":{"line":30,"column":25}},"30":{"start":{"line":31,"column":0},"end":{"line":31,"column":31}},"31":{"start":{"line":32,"column":0},"end":{"line":32,"column":22}},"32":{"start":{"line":33,"column":0},"end":{"line":33,"column":30}},"33":{"start":{"line":34,"column":0},"end":{"line":34,"column":54}},"36":{"start":{"line":37,"column":0},"end":{"line":37,"column":37}},"37":{"start":{"line":38,"column":0},"end":{"line":38,"column":54}},"38":{"start":{"line":39,"column":0},"end":{"line":39,"column":3}},"41":{"start":{"line":42,"column":0},"end":{"line":42,"column":32}},"44":{"start":{"line":45,"column":0},"end":{"line":45,"column":61}},"45":{"start":{"line":46,"column":0},"end":{"line":46,"column":1}},"50":{"start":{"line":51,"column":0},"end":{"line":51,"column":72}},"51":{"start":{"line":52,"column":0},"end":{"line":52,"column":32}},"54":{"start":{"line":55,"column":0},"end":{"line":55,"column":69}},"55":{"start":{"line":56,"column":0},"end":{"line":56,"column":22}},"56":{"start":{"line":57,"column":0},"end":{"line":57,"column":62}},"57":{"start":{"line":58,"column":0},"end":{"line":58,"column":3}},"60":{"start":{"line":61,"column":0},"end":{"line":61,"column":28}},"61":{"start":{"line":62,"column":0},"end":{"line":62,"column":80}},"62":{"start":{"line":63,"column":0},"end":{"line":63,"column":3}},"64":{"start":{"line":65,"column":0},"end":{"line":65,"column":28}},"65":{"start":{"line":66,"column":0},"end":{"line":66,"column":80}},"66":{"start":{"line":67,"column":0},"end":{"line":67,"column":3}},"68":{"start":{"line":69,"column":0},"end":{"line":69,"column":22}},"69":{"start":{"line":70,"column":0},"end":{"line":70,"column":68}},"70":{"start":{"line":71,"column":0},"end":{"line":71,"column":3}},"72":{"start":{"line":73,"column":0},"end":{"line":73,"column":27}},"73":{"start":{"line":74,"column":0},"end":{"line":74,"column":60}},"74":{"start":{"line":75,"column":0},"end":{"line":75,"column":3}},"76":{"start":{"line":77,"column":0},"end":{"line":77,"column":29}},"77":{"start":{"line":78,"column":0},"end":{"line":78,"column":16}},"78":{"start":{"line":79,"column":0},"end":{"line":79,"column":12}},"79":{"start":{"line":80,"column":0},"end":{"line":80,"column":5}},"80":{"start":{"line":81,"column":0},"end":{"line":81,"column":1}},"85":{"start":{"line":86,"column":0},"end":{"line":86,"column":24}},"86":{"start":{"line":87,"column":0},"end":{"line":87,"column":21}},"87":{"start":{"line":88,"column":0},"end":{"line":88,"column":17}},"88":{"start":{"line":89,"column":0},"end":{"line":89,"column":20}},"89":{"start":{"line":90,"column":0},"end":{"line":90,"column":13}},"90":{"start":{"line":91,"column":0},"end":{"line":91,"column":48}},"93":{"start":{"line":94,"column":0},"end":{"line":94,"column":69}},"94":{"start":{"line":95,"column":0},"end":{"line":95,"column":22}},"95":{"start":{"line":96,"column":0},"end":{"line":96,"column":62}},"96":{"start":{"line":97,"column":0},"end":{"line":97,"column":3}},"99":{"start":{"line":100,"column":0},"end":{"line":100,"column":29}},"100":{"start":{"line":101,"column":0},"end":{"line":101,"column":82}},"101":{"start":{"line":102,"column":0},"end":{"line":102,"column":3}},"104":{"start":{"line":105,"column":0},"end":{"line":105,"column":27}},"105":{"start":{"line":106,"column":0},"end":{"line":106,"column":60}},"106":{"start":{"line":107,"column":0},"end":{"line":107,"column":3}},"108":{"start":{"line":109,"column":0},"end":{"line":109,"column":38}},"109":{"start":{"line":110,"column":0},"end":{"line":110,"column":28}},"110":{"start":{"line":111,"column":0},"end":{"line":111,"column":36}},"111":{"start":{"line":112,"column":0},"end":{"line":112,"column":12}},"112":{"start":{"line":113,"column":0},"end":{"line":113,"column":5}},"113":{"start":{"line":114,"column":0},"end":{"line":114,"column":1}},"118":{"start":{"line":119,"column":0},"end":{"line":119,"column":26}},"119":{"start":{"line":120,"column":0},"end":{"line":120,"column":24}},"120":{"start":{"line":121,"column":0},"end":{"line":121,"column":64}},"121":{"start":{"line":122,"column":0},"end":{"line":122,"column":18}},"123":{"start":{"line":124,"column":0},"end":{"line":124,"column":28}},"124":{"start":{"line":125,"column":0},"end":{"line":125,"column":15}},"125":{"start":{"line":126,"column":0},"end":{"line":126,"column":3}},"128":{"start":{"line":129,"column":0},"end":{"line":129,"column":40}},"129":{"start":{"line":130,"column":0},"end":{"line":130,"column":64}},"130":{"start":{"line":131,"column":0},"end":{"line":131,"column":3}},"133":{"start":{"line":134,"column":0},"end":{"line":134,"column":35}},"134":{"start":{"line":135,"column":0},"end":{"line":135,"column":70}},"135":{"start":{"line":136,"column":0},"end":{"line":136,"column":3}},"138":{"start":{"line":139,"column":0},"end":{"line":139,"column":42}},"139":{"start":{"line":140,"column":0},"end":{"line":140,"column":61}},"140":{"start":{"line":141,"column":0},"end":{"line":141,"column":3}},"142":{"start":{"line":143,"column":0},"end":{"line":143,"column":14}},"143":{"start":{"line":144,"column":0},"end":{"line":144,"column":1}},"148":{"start":{"line":149,"column":0},"end":{"line":149,"column":57}},"149":{"start":{"line":150,"column":0},"end":{"line":150,"column":59}},"151":{"start":{"line":152,"column":0},"end":{"line":152,"column":16}},"152":{"start":{"line":153,"column":0},"end":{"line":153,"column":27}},"153":{"start":{"line":154,"column":0},"end":{"line":154,"column":33}},"154":{"start":{"line":155,"column":0},"end":{"line":155,"column":27}},"155":{"start":{"line":156,"column":0},"end":{"line":156,"column":32}},"156":{"start":{"line":157,"column":0},"end":{"line":157,"column":56}},"158":{"start":{"line":159,"column":0},"end":{"line":159,"column":39}},"159":{"start":{"line":160,"column":0},"end":{"line":160,"column":51}},"160":{"start":{"line":161,"column":0},"end":{"line":161,"column":5}},"162":{"start":{"line":163,"column":0},"end":{"line":163,"column":34}},"163":{"start":{"line":164,"column":0},"end":{"line":164,"column":58}},"164":{"start":{"line":165,"column":0},"end":{"line":165,"column":4}},"165":{"start":{"line":166,"column":0},"end":{"line":166,"column":1}}},"s":{"17":0,"18":0,"19":0,"20":0,"21":0,"22":0,"23":0,"28":0,"29":0,"30":0,"31":0,"32":0,"33":0,"36":0,"37":0,"38":0,"41":0,"44":0,"45":0,"50":0,"51":0,"54":0,"55":0,"56":0,"57":0,"60":0,"61":0,"62":0,"64":0,"65":0,"66":0,"68":0,"69":0,"70":0,"72":0,"73":0,"74":0,"76":0,"77":0,"78":0,"79":0,"80":0,"85":0,"86":0,"87":0,"88":0,"89":0,"90":0,"93":0,"94":0,"95":0,"96":0,"99":0,"100":0,"101":0,"104":0,"105":0,"106":0,"108":0,"109":0,"110":0,"111":0,"112":0,"113":0,"118":0,"119":0,"120":0,"121":0,"123":0,"124":0,"125":0,"128":0,"129":0,"130":0,"133":0,"134":0,"135":0,"138":0,"139":0,"140":0,"142":0,"143":0,"148":0,"149":0,"151":0,"152":0,"153":0,"154":0,"155":0,"156":0,"158":0,"159":0,"160":0,"162":0,"163":0,"164":0,"165":0},"branchMap":{"0":{"type":"branch","line":1,"loc":{"start":{"line":1,"column":3980},"end":{"line":166,"column":1}},"locations":[{"start":{"line":1,"column":3980},"end":{"line":166,"column":1}}]}},"b":{"0":[1]},"fnMap":{"0":{"name":"(empty-report)","decl":{"start":{"line":1,"column":3980},"end":{"line":166,"column":1}},"loc":{"start":{"line":1,"column":3980},"end":{"line":166,"column":1}},"line":1}},"f":{"0":1}}
,"/Users/debar/code/phialoastro/workers/src/middleware/timing.ts": {"path":"/Users/debar/code/phialoastro/workers/src/middleware/timing.ts","all":true,"statementMap":{"1":{"start":{"line":2,"column":0},"end":{"line":2,"column":58}},"6":{"start":{"line":7,"column":0},"end":{"line":7,"column":33}},"7":{"start":{"line":8,"column":0},"end":{"line":8,"column":25}},"8":{"start":{"line":9,"column":0},"end":{"line":9,"column":31}},"9":{"start":{"line":10,"column":0},"end":{"line":10,"column":22}},"10":{"start":{"line":11,"column":0},"end":{"line":11,"column":31}},"11":{"start":{"line":12,"column":0},"end":{"line":12,"column":30}},"14":{"start":{"line":15,"column":0},"end":{"line":15,"column":22}},"16":{"start":{"line":17,"column":0},"end":{"line":17,"column":7}},"18":{"start":{"line":19,"column":0},"end":{"line":19,"column":34}},"21":{"start":{"line":22,"column":0},"end":{"line":22,"column":44}},"24":{"start":{"line":25,"column":0},"end":{"line":25,"column":50}},"25":{"start":{"line":26,"column":0},"end":{"line":26,"column":58}},"28":{"start":{"line":29,"column":0},"end":{"line":29,"column":45}},"31":{"start":{"line":32,"column":0},"end":{"line":32,"column":40}},"32":{"start":{"line":33,"column":0},"end":{"line":33,"column":30}},"33":{"start":{"line":34,"column":0},"end":{"line":34,"column":38}},"34":{"start":{"line":35,"column":0},"end":{"line":35,"column":14}},"35":{"start":{"line":36,"column":0},"end":{"line":36,"column":7}},"36":{"start":{"line":37,"column":0},"end":{"line":37,"column":19}},"38":{"start":{"line":39,"column":0},"end":{"line":39,"column":44}},"41":{"start":{"line":42,"column":0},"end":{"line":42,"column":16}},"42":{"start":{"line":43,"column":0},"end":{"line":43,"column":3}},"43":{"start":{"line":44,"column":0},"end":{"line":44,"column":1}},"48":{"start":{"line":49,"column":0},"end":{"line":49,"column":33}},"49":{"start":{"line":50,"column":0},"end":{"line":50,"column":53}},"54":{"start":{"line":55,"column":0},"end":{"line":55,"column":45}},"55":{"start":{"line":56,"column":0},"end":{"line":56,"column":34}},"56":{"start":{"line":57,"column":0},"end":{"line":57,"column":33}},"57":{"start":{"line":58,"column":0},"end":{"line":58,"column":5}},"58":{"start":{"line":59,"column":0},"end":{"line":59,"column":40}},"59":{"start":{"line":60,"column":0},"end":{"line":60,"column":3}},"64":{"start":{"line":65,"column":0},"end":{"line":65,"column":27}},"72":{"start":{"line":73,"column":0},"end":{"line":73,"column":12}},"73":{"start":{"line":74,"column":0},"end":{"line":74,"column":42}},"74":{"start":{"line":75,"column":0},"end":{"line":75,"column":41}},"75":{"start":{"line":76,"column":0},"end":{"line":76,"column":18}},"76":{"start":{"line":77,"column":0},"end":{"line":77,"column":5}},"78":{"start":{"line":79,"column":0},"end":{"line":79,"column":53}},"79":{"start":{"line":80,"column":0},"end":{"line":80,"column":32}},"81":{"start":{"line":82,"column":0},"end":{"line":82,"column":12}},"82":{"start":{"line":83,"column":0},"end":{"line":83,"column":12}},"83":{"start":{"line":84,"column":0},"end":{"line":84,"column":21}},"84":{"start":{"line":85,"column":0},"end":{"line":85,"column":29}},"85":{"start":{"line":86,"column":0},"end":{"line":86,"column":53}},"86":{"start":{"line":87,"column":0},"end":{"line":87,"column":43}},"87":{"start":{"line":88,"column":0},"end":{"line":88,"column":44}},"88":{"start":{"line":89,"column":0},"end":{"line":89,"column":44}},"89":{"start":{"line":90,"column":0},"end":{"line":90,"column":6}},"90":{"start":{"line":91,"column":0},"end":{"line":91,"column":3}},"95":{"start":{"line":96,"column":0},"end":{"line":96,"column":17}},"96":{"start":{"line":97,"column":0},"end":{"line":97,"column":25}},"97":{"start":{"line":98,"column":0},"end":{"line":98,"column":3}},"98":{"start":{"line":99,"column":0},"end":{"line":99,"column":1}},"101":{"start":{"line":102,"column":0},"end":{"line":102,"column":48}}},"s":{"1":0,"6":0,"7":0,"8":0,"9":0,"10":0,"11":0,"14":0,"16":0,"18":0,"21":0,"24":0,"25":0,"28":0,"31":0,"32":0,"33":0,"34":0,"35":0,"36":0,"38":0,"41":0,"42":0,"43":0,"48":0,"49":0,"54":0,"55":0,"56":0,"57":0,"58":0,"59":0,"64":0,"72":0,"73":0,"74":0,"75":0,"76":0,"78":0,"79":0,"81":0,"82":0,"83":0,"84":0,"85":0,"86":0,"87":0,"88":0,"89":0,"90":0,"95":0,"96":0,"97":0,"98":0,"101":0},"branchMap":{"0":{"type":"branch","line":1,"loc":{"start":{"line":1,"column":2325},"end":{"line":102,"column":48}},"locations":[{"start":{"line":1,"column":2325},"end":{"line":102,"column":48}}]}},"b":{"0":[1]},"fnMap":{"0":{"name":"(empty-report)","decl":{"start":{"line":1,"column":2325},"end":{"line":102,"column":48}},"loc":{"start":{"line":1,"column":2325},"end":{"line":102,"column":48}},"line":1}},"f":{"0":1}}
,"/Users/debar/code/phialoastro/workers/src/router/index.ts": {"path":"/Users/debar/code/phialoastro/workers/src/router/index.ts","all":true,"statementMap":{"0":{"start":{"line":1,"column":0},"end":{"line":1,"column":47}},"2":{"start":{"line":3,"column":0},"end":{"line":3,"column":54}},"3":{"start":{"line":4,"column":0},"end":{"line":4,"column":53}},"4":{"start":{"line":5,"column":0},"end":{"line":5,"column":50}},"5":{"start":{"line":6,"column":0},"end":{"line":6,"column":48}},"6":{"start":{"line":7,"column":0},"end":{"line":7,"column":50}},"7":{"start":{"line":8,"column":0},"end":{"line":8,"column":46}},"17":{"start":{"line":18,"column":0},"end":{"line":18,"column":32}},"18":{"start":{"line":19,"column":0},"end":{"line":19,"column":42}},"24":{"start":{"line":25,"column":0},"end":{"line":25,"column":78}},"25":{"start":{"line":26,"column":0},"end":{"line":26,"column":29}},"26":{"start":{"line":27,"column":0},"end":{"line":27,"column":30}},"27":{"start":{"line":28,"column":0},"end":{"line":28,"column":5}},"30":{"start":{"line":31,"column":0},"end":{"line":31,"column":54}},"31":{"start":{"line":32,"column":0},"end":{"line":32,"column":59}},"32":{"start":{"line":33,"column":0},"end":{"line":33,"column":34}},"33":{"start":{"line":34,"column":0},"end":{"line":34,"column":5}},"36":{"start":{"line":37,"column":0},"end":{"line":37,"column":54}},"38":{"start":{"line":39,"column":0},"end":{"line":39,"column":70}},"40":{"start":{"line":41,"column":0},"end":{"line":41,"column":54}},"42":{"start":{"line":43,"column":0},"end":{"line":43,"column":61}},"43":{"start":{"line":44,"column":0},"end":{"line":44,"column":9}},"44":{"start":{"line":45,"column":0},"end":{"line":45,"column":7}},"46":{"start":{"line":47,"column":0},"end":{"line":47,"column":24}},"47":{"start":{"line":48,"column":0},"end":{"line":48,"column":5}},"50":{"start":{"line":51,"column":0},"end":{"line":51,"column":58}},"51":{"start":{"line":52,"column":0},"end":{"line":52,"column":42}},"52":{"start":{"line":53,"column":0},"end":{"line":53,"column":5}},"54":{"start":{"line":55,"column":0},"end":{"line":55,"column":16}},"55":{"start":{"line":56,"column":0},"end":{"line":56,"column":1}},"60":{"start":{"line":61,"column":0},"end":{"line":61,"column":73}},"61":{"start":{"line":62,"column":0},"end":{"line":62,"column":29}},"62":{"start":{"line":63,"column":0},"end":{"line":63,"column":16}},"63":{"start":{"line":64,"column":0},"end":{"line":64,"column":14}},"64":{"start":{"line":65,"column":0},"end":{"line":65,"column":41}},"65":{"start":{"line":66,"column":0},"end":{"line":66,"column":59}},"66":{"start":{"line":67,"column":0},"end":{"line":67,"column":53}},"67":{"start":{"line":68,"column":0},"end":{"line":68,"column":40}},"68":{"start":{"line":69,"column":0},"end":{"line":69,"column":6}},"69":{"start":{"line":70,"column":0},"end":{"line":70,"column":5}},"70":{"start":{"line":71,"column":0},"end":{"line":71,"column":1}}},"s":{"0":0,"2":0,"3":0,"4":0,"5":0,"6":0,"7":0,"17":0,"18":0,"24":0,"25":0,"26":0,"27":0,"30":0,"31":0,"32":0,"33":0,"36":0,"38":0,"40":0,"42":0,"43":0,"44":0,"46":0,"47":0,"50":0,"51":0,"52":0,"54":0,"55":0,"60":0,"61":0,"62":0,"63":0,"64":0,"65":0,"66":0,"67":0,"68":0,"69":0,"70":0},"branchMap":{"0":{"type":"branch","line":1,"loc":{"start":{"line":1,"column":2122},"end":{"line":71,"column":1}},"locations":[{"start":{"line":1,"column":2122},"end":{"line":71,"column":1}}]}},"b":{"0":[0]},"fnMap":{"0":{"name":"(empty-report)","decl":{"start":{"line":1,"column":2122},"end":{"line":71,"column":1}},"loc":{"start":{"line":1,"column":2122},"end":{"line":71,"column":1}},"line":1}},"f":{"0":0}}
,"/Users/debar/code/phialoastro/workers/src/router/handlers/redirect.ts": {"path":"/Users/debar/code/phialoastro/workers/src/router/handlers/redirect.ts","all":true,"statementMap":{"1":{"start":{"line":2,"column":0},"end":{"line":2,"column":44}},"16":{"start":{"line":17,"column":0},"end":{"line":17,"column":39}},"18":{"start":{"line":19,"column":0},"end":{"line":19,"column":3}},"19":{"start":{"line":20,"column":0},"end":{"line":20,"column":21}},"20":{"start":{"line":21,"column":0},"end":{"line":21,"column":28}},"21":{"start":{"line":22,"column":0},"end":{"line":22,"column":16}},"22":{"start":{"line":23,"column":0},"end":{"line":23,"column":20}},"23":{"start":{"line":24,"column":0},"end":{"line":24,"column":4}},"28":{"start":{"line":29,"column":0},"end":{"line":29,"column":2}},"33":{"start":{"line":34,"column":0},"end":{"line":34,"column":88}},"34":{"start":{"line":35,"column":0},"end":{"line":35,"column":30}},"35":{"start":{"line":36,"column":0},"end":{"line":36,"column":35}},"36":{"start":{"line":37,"column":0},"end":{"line":37,"column":32}},"39":{"start":{"line":40,"column":0},"end":{"line":40,"column":25}},"40":{"start":{"line":41,"column":0},"end":{"line":41,"column":11}},"41":{"start":{"line":42,"column":0},"end":{"line":42,"column":3}},"44":{"start":{"line":45,"column":0},"end":{"line":45,"column":37}},"45":{"start":{"line":46,"column":0},"end":{"line":46,"column":46}},"47":{"start":{"line":48,"column":0},"end":{"line":48,"column":40}},"49":{"start":{"line":50,"column":0},"end":{"line":50,"column":35}},"50":{"start":{"line":51,"column":0},"end":{"line":51,"column":36}},"51":{"start":{"line":52,"column":0},"end":{"line":52,"column":86}},"53":{"start":{"line":54,"column":0},"end":{"line":54,"column":44}},"54":{"start":{"line":55,"column":0},"end":{"line":55,"column":25}},"55":{"start":{"line":56,"column":0},"end":{"line":56,"column":30}},"56":{"start":{"line":57,"column":0},"end":{"line":57,"column":37}},"57":{"start":{"line":58,"column":0},"end":{"line":58,"column":11}},"59":{"start":{"line":60,"column":0},"end":{"line":60,"column":72}},"60":{"start":{"line":61,"column":0},"end":{"line":61,"column":7}},"61":{"start":{"line":62,"column":0},"end":{"line":62,"column":12}},"63":{"start":{"line":64,"column":0},"end":{"line":64,"column":40}},"64":{"start":{"line":65,"column":0},"end":{"line":65,"column":18}},"65":{"start":{"line":66,"column":0},"end":{"line":66,"column":79}},"66":{"start":{"line":67,"column":0},"end":{"line":67,"column":36}},"67":{"start":{"line":68,"column":0},"end":{"line":68,"column":34}},"69":{"start":{"line":70,"column":0},"end":{"line":70,"column":44}},"70":{"start":{"line":71,"column":0},"end":{"line":71,"column":25}},"71":{"start":{"line":72,"column":0},"end":{"line":72,"column":30}},"72":{"start":{"line":73,"column":0},"end":{"line":73,"column":37}},"73":{"start":{"line":74,"column":0},"end":{"line":74,"column":11}},"75":{"start":{"line":76,"column":0},"end":{"line":76,"column":72}},"76":{"start":{"line":77,"column":0},"end":{"line":77,"column":7}},"77":{"start":{"line":78,"column":0},"end":{"line":78,"column":5}},"78":{"start":{"line":79,"column":0},"end":{"line":79,"column":3}},"81":{"start":{"line":82,"column":0},"end":{"line":82,"column":9}},"82":{"start":{"line":83,"column":0},"end":{"line":83,"column":1}}},"s":{"1":0,"16":0,"18":0,"19":0,"20":0,"21":0,"22":0,"23":0,"28":0,"33":0,"34":0,"35":0,"36":0,"39":0,"40":0,"41":0,"44":0,"45":0,"47":0,"49":0,"50":0,"51":0,"53":0,"54":0,"55":0,"56":0,"57":0,"59":0,"60":0,"61":0,"63":0,"64":0,"65":0,"66":0,"67":0,"69":0,"70":0,"71":0,"72":0,"73":0,"75":0,"76":0,"77":0,"78":0,"81":0,"82":0},"branchMap":{"0":{"type":"branch","line":1,"loc":{"start":{"line":1,"column":2137},"end":{"line":83,"column":1}},"locations":[{"start":{"line":1,"column":2137},"end":{"line":83,"column":1}}]}},"b":{"0":[1]},"fnMap":{"0":{"name":"(empty-report)","decl":{"start":{"line":1,"column":2137},"end":{"line":83,"column":1}},"loc":{"start":{"line":1,"column":2137},"end":{"line":83,"column":1}},"line":1}},"f":{"0":1}}
,"/Users/debar/code/phialoastro/workers/src/router/handlers/static.ts": {"path":"/Users/debar/code/phialoastro/workers/src/router/handlers/static.ts","all":true,"statementMap":{"1":{"start":{"line":2,"column":0},"end":{"line":2,"column":90}},"2":{"start":{"line":3,"column":0},"end":{"line":3,"column":44}},"7":{"start":{"line":8,"column":0},"end":{"line":8,"column":84}},"8":{"start":{"line":9,"column":0},"end":{"line":9,"column":30}},"9":{"start":{"line":10,"column":0},"end":{"line":10,"column":35}},"11":{"start":{"line":12,"column":0},"end":{"line":12,"column":7}},"13":{"start":{"line":14,"column":0},"end":{"line":14,"column":58}},"16":{"start":{"line":17,"column":0},"end":{"line":17,"column":80}},"18":{"start":{"line":19,"column":0},"end":{"line":19,"column":41}},"19":{"start":{"line":20,"column":0},"end":{"line":20,"column":25}},"20":{"start":{"line":21,"column":0},"end":{"line":21,"column":39}},"21":{"start":{"line":22,"column":0},"end":{"line":22,"column":65}},"22":{"start":{"line":23,"column":0},"end":{"line":23,"column":7}},"24":{"start":{"line":25,"column":0},"end":{"line":25,"column":29}},"25":{"start":{"line":26,"column":0},"end":{"line":26,"column":24}},"27":{"start":{"line":28,"column":0},"end":{"line":28,"column":35}},"28":{"start":{"line":29,"column":0},"end":{"line":29,"column":80}},"29":{"start":{"line":30,"column":0},"end":{"line":30,"column":32}},"30":{"start":{"line":31,"column":0},"end":{"line":31,"column":5}},"33":{"start":{"line":34,"column":0},"end":{"line":34,"column":16}},"34":{"start":{"line":35,"column":0},"end":{"line":35,"column":3}},"35":{"start":{"line":36,"column":0},"end":{"line":36,"column":1}}},"s":{"1":0,"2":0,"7":0,"8":0,"9":0,"11":0,"13":0,"16":0,"18":0,"19":0,"20":0,"21":0,"22":0,"24":0,"25":0,"27":0,"28":0,"29":0,"30":0,"33":0,"34":0,"35":0},"branchMap":{"0":{"type":"branch","line":1,"loc":{"start":{"line":1,"column":1143},"end":{"line":36,"column":1}},"locations":[{"start":{"line":1,"column":1143},"end":{"line":36,"column":1}}]}},"b":{"0":[1]},"fnMap":{"0":{"name":"(empty-report)","decl":{"start":{"line":1,"column":1143},"end":{"line":36,"column":1}},"loc":{"start":{"line":1,"column":1143},"end":{"line":36,"column":1}},"line":1}},"f":{"0":1}}
,"/Users/debar/code/phialoastro/workers/src/utils/cache.ts": {"path":"/Users/debar/code/phialoastro/workers/src/utils/cache.ts","all":false,"statementMap":{"3":{"start":{"line":4,"column":0},"end":{"line":4,"column":46}},"4":{"start":{"line":5,"column":0},"end":{"line":5,"column":96}},"5":{"start":{"line":6,"column":0},"end":{"line":6,"column":42}},"6":{"start":{"line":7,"column":0},"end":{"line":7,"column":55}},"8":{"start":{"line":9,"column":0},"end":{"line":9,"column":39}},"10":{"start":{"line":11,"column":0},"end":{"line":11,"column":9}},"11":{"start":{"line":12,"column":0},"end":{"line":12,"column":45}},"12":{"start":{"line":13,"column":0},"end":{"line":13,"column":21}},"14":{"start":{"line":15,"column":0},"end":{"line":15,"column":49}},"15":{"start":{"line":16,"column":0},"end":{"line":16,"column":5}},"17":{"start":{"line":18,"column":0},"end":{"line":18,"column":20}},"18":{"start":{"line":19,"column":0},"end":{"line":19,"column":50}},"20":{"start":{"line":21,"column":0},"end":{"line":21,"column":48}},"21":{"start":{"line":22,"column":0},"end":{"line":22,"column":54}},"22":{"start":{"line":23,"column":0},"end":{"line":23,"column":47}},"24":{"start":{"line":25,"column":0},"end":{"line":25,"column":60}},"25":{"start":{"line":26,"column":0},"end":{"line":26,"column":34}},"26":{"start":{"line":27,"column":0},"end":{"line":27,"column":42}},"27":{"start":{"line":28,"column":0},"end":{"line":28,"column":18}},"28":{"start":{"line":29,"column":0},"end":{"line":29,"column":11}},"30":{"start":{"line":31,"column":0},"end":{"line":31,"column":67}},"32":{"start":{"line":33,"column":0},"end":{"line":33,"column":30}},"33":{"start":{"line":34,"column":0},"end":{"line":34,"column":7}},"34":{"start":{"line":35,"column":0},"end":{"line":35,"column":12}},"35":{"start":{"line":36,"column":0},"end":{"line":36,"column":52}},"36":{"start":{"line":37,"column":0},"end":{"line":37,"column":44}},"38":{"start":{"line":39,"column":0},"end":{"line":39,"column":42}},"39":{"start":{"line":40,"column":0},"end":{"line":40,"column":32}},"40":{"start":{"line":41,"column":0},"end":{"line":41,"column":40}},"41":{"start":{"line":42,"column":0},"end":{"line":42,"column":16}},"42":{"start":{"line":43,"column":0},"end":{"line":43,"column":9}},"43":{"start":{"line":44,"column":0},"end":{"line":44,"column":5}},"45":{"start":{"line":46,"column":0},"end":{"line":46,"column":66}},"46":{"start":{"line":47,"column":0},"end":{"line":47,"column":4}},"47":{"start":{"line":48,"column":0},"end":{"line":48,"column":1}}},"s":{"3":1,"4":7,"5":7,"6":7,"8":7,"10":7,"11":7,"12":7,"14":1,"15":1,"17":7,"18":6,"20":6,"21":5,"22":5,"24":5,"25":5,"26":5,"27":5,"28":5,"30":5,"32":5,"33":5,"34":7,"35":1,"36":1,"38":1,"39":1,"40":1,"41":1,"42":1,"43":1,"45":7,"46":7,"47":7},"branchMap":{"0":{"type":"branch","line":4,"loc":{"start":{"line":4,"column":7},"end":{"line":48,"column":1}},"locations":[{"start":{"line":4,"column":7},"end":{"line":48,"column":1}}]},"1":{"type":"branch","line":5,"loc":{"start":{"line":5,"column":9},"end":{"line":47,"column":4}},"locations":[{"start":{"line":5,"column":9},"end":{"line":47,"column":4}}]},"2":{"type":"branch","line":12,"loc":{"start":{"line":12,"column":43},"end":{"line":13,"column":13}},"locations":[{"start":{"line":12,"column":43},"end":{"line":13,"column":13}}]},"3":{"type":"branch","line":13,"loc":{"start":{"line":13,"column":4},"end":{"line":16,"column":5}},"locations":[{"start":{"line":13,"column":4},"end":{"line":16,"column":5}}]},"4":{"type":"branch","line":18,"loc":{"start":{"line":18,"column":19},"end":{"line":35,"column":11}},"locations":[{"start":{"line":18,"column":19},"end":{"line":35,"column":11}}]},"5":{"type":"branch","line":21,"loc":{"start":{"line":21,"column":47},"end":{"line":34,"column":7}},"locations":[{"start":{"line":21,"column":47},"end":{"line":34,"column":7}}]},"6":{"type":"branch","line":35,"loc":{"start":{"line":35,"column":4},"end":{"line":46,"column":23}},"locations":[{"start":{"line":35,"column":4},"end":{"line":46,"column":23}}]},"7":{"type":"branch","line":46,"loc":{"start":{"line":46,"column":11},"end":{"line":46,"column":66}},"locations":[{"start":{"line":46,"column":11},"end":{"line":46,"column":66}}]}},"b":{"0":[7],"1":[7],"2":[6],"3":[1],"4":[6],"5":[5],"6":[1],"7":[0]},"fnMap":{"0":{"name":"withCache","decl":{"start":{"line":4,"column":7},"end":{"line":48,"column":1}},"loc":{"start":{"line":4,"column":7},"end":{"line":48,"column":1}},"line":4}},"f":{"0":7}}
,"/Users/debar/code/phialoastro/workers/src/utils/errors.ts": {"path":"/Users/debar/code/phialoastro/workers/src/utils/errors.ts","all":true,"statementMap":{"0":{"start":{"line":1,"column":0},"end":{"line":1,"column":57}},"1":{"start":{"line":2,"column":0},"end":{"line":2,"column":34}},"6":{"start":{"line":7,"column":0},"end":{"line":7,"column":67}},"7":{"start":{"line":8,"column":0},"end":{"line":8,"column":31}},"8":{"start":{"line":9,"column":0},"end":{"line":9,"column":39}},"9":{"start":{"line":10,"column":0},"end":{"line":10,"column":59}},"10":{"start":{"line":11,"column":0},"end":{"line":11,"column":5}},"12":{"start":{"line":13,"column":0},"end":{"line":13,"column":16}},"13":{"start":{"line":14,"column":0},"end":{"line":14,"column":12}},"14":{"start":{"line":15,"column":0},"end":{"line":15,"column":23}},"15":{"start":{"line":16,"column":0},"end":{"line":16,"column":29}},"16":{"start":{"line":17,"column":0},"end":{"line":17,"column":80}},"17":{"start":{"line":18,"column":0},"end":{"line":18,"column":6}},"18":{"start":{"line":19,"column":0},"end":{"line":19,"column":4}},"20":{"start":{"line":21,"column":0},"end":{"line":21,"column":45}},"21":{"start":{"line":22,"column":0},"end":{"line":22,"column":29}},"22":{"start":{"line":23,"column":0},"end":{"line":23,"column":12}},"23":{"start":{"line":24,"column":0},"end":{"line":24,"column":5}},"24":{"start":{"line":25,"column":0},"end":{"line":25,"column":1}},"29":{"start":{"line":30,"column":0},"end":{"line":30,"column":71}},"30":{"start":{"line":31,"column":0},"end":{"line":31,"column":69}},"31":{"start":{"line":32,"column":0},"end":{"line":32,"column":70}},"33":{"start":{"line":34,"column":0},"end":{"line":34,"column":31}},"38":{"start":{"line":39,"column":0},"end":{"line":39,"column":25}},"90":{"start":{"line":91,"column":0},"end":{"line":91,"column":32}},"91":{"start":{"line":92,"column":0},"end":{"line":92,"column":41}},"92":{"start":{"line":93,"column":0},"end":{"line":93,"column":21}},"98":{"start":{"line":99,"column":0},"end":{"line":99,"column":29}},"99":{"start":{"line":100,"column":0},"end":{"line":100,"column":29}},"100":{"start":{"line":101,"column":0},"end":{"line":101,"column":14}},"101":{"start":{"line":102,"column":0},"end":{"line":102,"column":49}},"102":{"start":{"line":103,"column":0},"end":{"line":103,"column":61}},"103":{"start":{"line":104,"column":0},"end":{"line":104,"column":6}},"104":{"start":{"line":105,"column":0},"end":{"line":105,"column":5}},"105":{"start":{"line":106,"column":0},"end":{"line":106,"column":1}},"110":{"start":{"line":111,"column":0},"end":{"line":111,"column":34}},"111":{"start":{"line":112,"column":0},"end":{"line":112,"column":17}},"112":{"start":{"line":113,"column":0},"end":{"line":113,"column":18}},"113":{"start":{"line":114,"column":0},"end":{"line":114,"column":22}},"115":{"start":{"line":116,"column":0},"end":{"line":116,"column":31}},"117":{"start":{"line":118,"column":0},"end":{"line":118,"column":37}},"118":{"start":{"line":119,"column":0},"end":{"line":119,"column":24}},"119":{"start":{"line":120,"column":0},"end":{"line":120,"column":38}},"120":{"start":{"line":121,"column":0},"end":{"line":121,"column":34}},"121":{"start":{"line":122,"column":0},"end":{"line":122,"column":31}},"122":{"start":{"line":123,"column":0},"end":{"line":123,"column":10}},"123":{"start":{"line":124,"column":0},"end":{"line":124,"column":30}},"124":{"start":{"line":125,"column":0},"end":{"line":125,"column":38}},"125":{"start":{"line":126,"column":0},"end":{"line":126,"column":6}},"126":{"start":{"line":127,"column":0},"end":{"line":127,"column":10}},"127":{"start":{"line":128,"column":0},"end":{"line":128,"column":34}},"128":{"start":{"line":129,"column":0},"end":{"line":129,"column":31}},"129":{"start":{"line":130,"column":0},"end":{"line":130,"column":10}},"130":{"start":{"line":131,"column":0},"end":{"line":131,"column":36}},"131":{"start":{"line":132,"column":0},"end":{"line":132,"column":6}},"132":{"start":{"line":133,"column":0},"end":{"line":133,"column":3}},"135":{"start":{"line":136,"column":0},"end":{"line":136,"column":34}},"136":{"start":{"line":137,"column":0},"end":{"line":137,"column":21}},"137":{"start":{"line":138,"column":0},"end":{"line":138,"column":27}},"138":{"start":{"line":139,"column":0},"end":{"line":139,"column":32}},"139":{"start":{"line":140,"column":0},"end":{"line":140,"column":33}},"140":{"start":{"line":141,"column":0},"end":{"line":141,"column":39}},"141":{"start":{"line":142,"column":0},"end":{"line":142,"column":33}},"142":{"start":{"line":143,"column":0},"end":{"line":143,"column":60}},"143":{"start":{"line":144,"column":0},"end":{"line":144,"column":5}},"146":{"start":{"line":147,"column":0},"end":{"line":147,"column":59}},"147":{"start":{"line":148,"column":0},"end":{"line":148,"column":50}},"148":{"start":{"line":149,"column":0},"end":{"line":149,"column":44}},"149":{"start":{"line":150,"column":0},"end":{"line":150,"column":3}},"151":{"start":{"line":152,"column":0},"end":{"line":152,"column":46}},"152":{"start":{"line":153,"column":0},"end":{"line":153,"column":1}},"157":{"start":{"line":158,"column":0},"end":{"line":158,"column":49}},"158":{"start":{"line":159,"column":0},"end":{"line":159,"column":17}},"159":{"start":{"line":160,"column":0},"end":{"line":160,"column":29}},"160":{"start":{"line":161,"column":0},"end":{"line":161,"column":30}},"161":{"start":{"line":162,"column":0},"end":{"line":162,"column":31}},"162":{"start":{"line":163,"column":0},"end":{"line":163,"column":27}},"163":{"start":{"line":164,"column":0},"end":{"line":164,"column":32}},"164":{"start":{"line":165,"column":0},"end":{"line":165,"column":28}},"165":{"start":{"line":166,"column":0},"end":{"line":166,"column":29}},"166":{"start":{"line":167,"column":0},"end":{"line":167,"column":25}},"167":{"start":{"line":168,"column":0},"end":{"line":168,"column":34}},"168":{"start":{"line":169,"column":0},"end":{"line":169,"column":12}},"169":{"start":{"line":170,"column":0},"end":{"line":170,"column":37}},"170":{"start":{"line":171,"column":0},"end":{"line":171,"column":3}},"171":{"start":{"line":172,"column":0},"end":{"line":172,"column":1}},"176":{"start":{"line":177,"column":0},"end":{"line":177,"column":58}},"177":{"start":{"line":178,"column":0},"end":{"line":178,"column":17}},"178":{"start":{"line":179,"column":0},"end":{"line":179,"column":29}},"179":{"start":{"line":180,"column":0},"end":{"line":180,"column":60}},"180":{"start":{"line":181,"column":0},"end":{"line":181,"column":31}},"181":{"start":{"line":182,"column":0},"end":{"line":182,"column":52}},"182":{"start":{"line":183,"column":0},"end":{"line":183,"column":32}},"183":{"start":{"line":184,"column":0},"end":{"line":184,"column":69}},"184":{"start":{"line":185,"column":0},"end":{"line":185,"column":29}},"185":{"start":{"line":186,"column":0},"end":{"line":186,"column":67}},"186":{"start":{"line":187,"column":0},"end":{"line":187,"column":34}},"187":{"start":{"line":188,"column":0},"end":{"line":188,"column":12}},"188":{"start":{"line":189,"column":0},"end":{"line":189,"column":69}},"189":{"start":{"line":190,"column":0},"end":{"line":190,"column":3}},"190":{"start":{"line":191,"column":0},"end":{"line":191,"column":1}},"195":{"start":{"line":196,"column":0},"end":{"line":196,"column":57}},"196":{"start":{"line":197,"column":0},"end":{"line":197,"column":35}},"199":{"start":{"line":200,"column":0},"end":{"line":200,"column":67}},"200":{"start":{"line":201,"column":0},"end":{"line":201,"column":26}},"201":{"start":{"line":202,"column":0},"end":{"line":202,"column":28}},"202":{"start":{"line":203,"column":0},"end":{"line":203,"column":10}},"203":{"start":{"line":204,"column":0},"end":{"line":204,"column":28}},"204":{"start":{"line":205,"column":0},"end":{"line":205,"column":6}},"205":{"start":{"line":206,"column":0},"end":{"line":206,"column":3}},"208":{"start":{"line":209,"column":0},"end":{"line":209,"column":52}},"209":{"start":{"line":210,"column":0},"end":{"line":210,"column":49}},"210":{"start":{"line":211,"column":0},"end":{"line":211,"column":26}},"211":{"start":{"line":212,"column":0},"end":{"line":212,"column":28}},"212":{"start":{"line":213,"column":0},"end":{"line":213,"column":10}},"213":{"start":{"line":214,"column":0},"end":{"line":214,"column":27}},"214":{"start":{"line":215,"column":0},"end":{"line":215,"column":32}},"215":{"start":{"line":216,"column":0},"end":{"line":216,"column":6}},"216":{"start":{"line":217,"column":0},"end":{"line":217,"column":3}},"217":{"start":{"line":218,"column":0},"end":{"line":218,"column":1}}},"s":{"0":0,"1":0,"6":0,"7":0,"8":0,"9":0,"10":0,"12":0,"13":0,"14":0,"15":0,"16":0,"17":0,"18":0,"20":0,"21":0,"22":0,"23":0,"24":0,"29":0,"30":0,"31":0,"33":0,"38":0,"90":0,"91":0,"92":0,"98":0,"99":0,"100":0,"101":0,"102":0,"103":0,"104":0,"105":0,"110":0,"111":0,"112":0,"113":0,"115":0,"117":0,"118":0,"119":0,"120":0,"121":0,"122":0,"123":0,"124":0,"125":0,"126":0,"127":0,"128":0,"129":0,"130":0,"131":0,"132":0,"135":0,"136":0,"137":0,"138":0,"139":0,"140":0,"141":0,"142":0,"143":0,"146":0,"147":0,"148":0,"149":0,"151":0,"152":0,"157":0,"158":0,"159":0,"160":0,"161":0,"162":0,"163":0,"164":0,"165":0,"166":0,"167":0,"168":0,"169":0,"170":0,"171":0,"176":0,"177":0,"178":0,"179":0,"180":0,"181":0,"182":0,"183":0,"184":0,"185":0,"186":0,"187":0,"188":0,"189":0,"190":0,"195":0,"196":0,"199":0,"200":0,"201":0,"202":0,"203":0,"204":0,"205":0,"208":0,"209":0,"210":0,"211":0,"212":0,"213":0,"214":0,"215":0,"216":0,"217":0},"branchMap":{"0":{"type":"branch","line":1,"loc":{"start":{"line":1,"column":5286},"end":{"line":218,"column":1}},"locations":[{"start":{"line":1,"column":5286},"end":{"line":218,"column":1}}]}},"b":{"0":[0]},"fnMap":{"0":{"name":"(empty-report)","decl":{"start":{"line":1,"column":5286},"end":{"line":218,"column":1}},"loc":{"start":{"line":1,"column":5286},"end":{"line":218,"column":1}},"line":1}},"f":{"0":0}}
,"/Users/debar/code/phialoastro/workers/src/utils/logger.ts": {"path":"/Users/debar/code/phialoastro/workers/src/utils/logger.ts","all":true,"statementMap":{"3":{"start":{"line":4,"column":0},"end":{"line":4,"column":22}},"4":{"start":{"line":5,"column":0},"end":{"line":5,"column":18}},"5":{"start":{"line":6,"column":0},"end":{"line":6,"column":16}},"6":{"start":{"line":7,"column":0},"end":{"line":7,"column":16}},"7":{"start":{"line":8,"column":0},"end":{"line":8,"column":18}},"32":{"start":{"line":33,"column":0},"end":{"line":33,"column":14}},"33":{"start":{"line":34,"column":0},"end":{"line":34,"column":31}},"34":{"start":{"line":35,"column":0},"end":{"line":35,"column":49}},"35":{"start":{"line":36,"column":0},"end":{"line":36,"column":24}},"36":{"start":{"line":37,"column":0},"end":{"line":37,"column":23}},"37":{"start":{"line":38,"column":0},"end":{"line":38,"column":23}},"38":{"start":{"line":39,"column":0},"end":{"line":39,"column":24}},"39":{"start":{"line":40,"column":0},"end":{"line":40,"column":4}},"41":{"start":{"line":42,"column":0},"end":{"line":42,"column":51}},"42":{"start":{"line":43,"column":0},"end":{"line":43,"column":19}},"43":{"start":{"line":44,"column":0},"end":{"line":44,"column":30}},"44":{"start":{"line":45,"column":0},"end":{"line":45,"column":29}},"45":{"start":{"line":46,"column":0},"end":{"line":46,"column":16}},"46":{"start":{"line":47,"column":0},"end":{"line":47,"column":6}},"47":{"start":{"line":48,"column":0},"end":{"line":48,"column":3}},"52":{"start":{"line":53,"column":0},"end":{"line":53,"column":47}},"53":{"start":{"line":54,"column":0},"end":{"line":54,"column":73}},"54":{"start":{"line":55,"column":0},"end":{"line":55,"column":3}},"59":{"start":{"line":60,"column":0},"end":{"line":60,"column":48}},"60":{"start":{"line":61,"column":0},"end":{"line":61,"column":31}},"62":{"start":{"line":63,"column":0},"end":{"line":63,"column":39}},"63":{"start":{"line":64,"column":0},"end":{"line":64,"column":41}},"64":{"start":{"line":65,"column":0},"end":{"line":65,"column":5}},"66":{"start":{"line":67,"column":0},"end":{"line":67,"column":29}},"67":{"start":{"line":68,"column":0},"end":{"line":68,"column":44}},"68":{"start":{"line":69,"column":0},"end":{"line":69,"column":5}},"70":{"start":{"line":71,"column":0},"end":{"line":71,"column":35}},"71":{"start":{"line":72,"column":0},"end":{"line":72,"column":30}},"73":{"start":{"line":74,"column":0},"end":{"line":74,"column":21}},"74":{"start":{"line":75,"column":0},"end":{"line":75,"column":54}},"75":{"start":{"line":76,"column":0},"end":{"line":76,"column":5}},"77":{"start":{"line":78,"column":0},"end":{"line":78,"column":27}},"78":{"start":{"line":79,"column":0},"end":{"line":79,"column":3}},"83":{"start":{"line":84,"column":0},"end":{"line":84,"column":82}},"84":{"start":{"line":85,"column":0},"end":{"line":85,"column":33}},"85":{"start":{"line":86,"column":0},"end":{"line":86,"column":13}},"86":{"start":{"line":87,"column":0},"end":{"line":87,"column":5}},"88":{"start":{"line":89,"column":0},"end":{"line":89,"column":29}},"89":{"start":{"line":90,"column":0},"end":{"line":90,"column":42}},"90":{"start":{"line":91,"column":0},"end":{"line":91,"column":12}},"91":{"start":{"line":92,"column":0},"end":{"line":92,"column":14}},"92":{"start":{"line":93,"column":0},"end":{"line":93,"column":11}},"93":{"start":{"line":94,"column":0},"end":{"line":94,"column":6}},"95":{"start":{"line":96,"column":0},"end":{"line":96,"column":46}},"97":{"start":{"line":98,"column":0},"end":{"line":98,"column":20}},"98":{"start":{"line":99,"column":0},"end":{"line":99,"column":26}},"99":{"start":{"line":100,"column":0},"end":{"line":100,"column":33}},"100":{"start":{"line":101,"column":0},"end":{"line":101,"column":14}},"101":{"start":{"line":102,"column":0},"end":{"line":102,"column":25}},"102":{"start":{"line":103,"column":0},"end":{"line":103,"column":32}},"103":{"start":{"line":104,"column":0},"end":{"line":104,"column":14}},"104":{"start":{"line":105,"column":0},"end":{"line":105,"column":25}},"105":{"start":{"line":106,"column":0},"end":{"line":106,"column":32}},"106":{"start":{"line":107,"column":0},"end":{"line":107,"column":14}},"107":{"start":{"line":108,"column":0},"end":{"line":108,"column":26}},"108":{"start":{"line":109,"column":0},"end":{"line":109,"column":14}},"109":{"start":{"line":110,"column":0},"end":{"line":110,"column":31}},"110":{"start":{"line":111,"column":0},"end":{"line":111,"column":14}},"111":{"start":{"line":112,"column":0},"end":{"line":112,"column":5}},"112":{"start":{"line":113,"column":0},"end":{"line":113,"column":3}},"117":{"start":{"line":118,"column":0},"end":{"line":118,"column":60}},"118":{"start":{"line":119,"column":0},"end":{"line":119,"column":44}},"119":{"start":{"line":120,"column":0},"end":{"line":120,"column":3}},"124":{"start":{"line":125,"column":0},"end":{"line":125,"column":59}},"125":{"start":{"line":126,"column":0},"end":{"line":126,"column":43}},"126":{"start":{"line":127,"column":0},"end":{"line":127,"column":3}},"131":{"start":{"line":132,"column":0},"end":{"line":132,"column":59}},"132":{"start":{"line":133,"column":0},"end":{"line":133,"column":43}},"133":{"start":{"line":134,"column":0},"end":{"line":134,"column":3}},"138":{"start":{"line":139,"column":0},"end":{"line":139,"column":60}},"139":{"start":{"line":140,"column":0},"end":{"line":140,"column":44}},"140":{"start":{"line":141,"column":0},"end":{"line":141,"column":3}},"145":{"start":{"line":146,"column":0},"end":{"line":146,"column":33}},"146":{"start":{"line":147,"column":0},"end":{"line":147,"column":42}},"147":{"start":{"line":148,"column":0},"end":{"line":148,"column":41}},"148":{"start":{"line":149,"column":0},"end":{"line":149,"column":15}},"150":{"start":{"line":151,"column":0},"end":{"line":151,"column":23}},"151":{"start":{"line":152,"column":0},"end":{"line":152,"column":21}},"152":{"start":{"line":153,"column":0},"end":{"line":153,"column":26}},"153":{"start":{"line":154,"column":0},"end":{"line":154,"column":7}},"154":{"start":{"line":155,"column":0},"end":{"line":155,"column":3}},"159":{"start":{"line":160,"column":0},"end":{"line":160,"column":50}},"160":{"start":{"line":161,"column":0},"end":{"line":161,"column":48}},"161":{"start":{"line":162,"column":0},"end":{"line":162,"column":3}},"162":{"start":{"line":163,"column":0},"end":{"line":163,"column":1}},"167":{"start":{"line":168,"column":0},"end":{"line":168,"column":34}},"168":{"start":{"line":169,"column":0},"end":{"line":169,"column":83}},"169":{"start":{"line":170,"column":0},"end":{"line":170,"column":26}},"170":{"start":{"line":171,"column":0},"end":{"line":171,"column":3}},"175":{"start":{"line":176,"column":0},"end":{"line":176,"column":52}},"176":{"start":{"line":177,"column":0},"end":{"line":177,"column":35}},"178":{"start":{"line":179,"column":0},"end":{"line":179,"column":35}},"179":{"start":{"line":180,"column":0},"end":{"line":180,"column":27}},"180":{"start":{"line":181,"column":0},"end":{"line":181,"column":23}},"181":{"start":{"line":182,"column":0},"end":{"line":182,"column":22}},"182":{"start":{"line":183,"column":0},"end":{"line":183,"column":14}},"183":{"start":{"line":184,"column":0},"end":{"line":184,"column":54}},"184":{"start":{"line":185,"column":0},"end":{"line":185,"column":46}},"185":{"start":{"line":186,"column":0},"end":{"line":186,"column":66}},"186":{"start":{"line":187,"column":0},"end":{"line":187,"column":6}},"187":{"start":{"line":188,"column":0},"end":{"line":188,"column":5}},"188":{"start":{"line":189,"column":0},"end":{"line":189,"column":1}},"193":{"start":{"line":194,"column":0},"end":{"line":194,"column":91}},"194":{"start":{"line":195,"column":0},"end":{"line":195,"column":35}},"195":{"start":{"line":196,"column":0},"end":{"line":196,"column":71}},"197":{"start":{"line":198,"column":0},"end":{"line":198,"column":42}},"198":{"start":{"line":199,"column":0},"end":{"line":199,"column":27}},"199":{"start":{"line":200,"column":0},"end":{"line":200,"column":23}},"200":{"start":{"line":201,"column":0},"end":{"line":201,"column":28}},"201":{"start":{"line":202,"column":0},"end":{"line":202,"column":30}},"202":{"start":{"line":203,"column":0},"end":{"line":203,"column":57}},"203":{"start":{"line":204,"column":0},"end":{"line":204,"column":5}},"204":{"start":{"line":205,"column":0},"end":{"line":205,"column":1}}},"s":{"3":0,"4":0,"5":0,"6":0,"7":0,"32":0,"33":0,"34":0,"35":0,"36":0,"37":0,"38":0,"39":0,"41":0,"42":0,"43":0,"44":0,"45":0,"46":0,"47":0,"52":0,"53":0,"54":0,"59":0,"60":0,"62":0,"63":0,"64":0,"66":0,"67":0,"68":0,"70":0,"71":0,"73":0,"74":0,"75":0,"77":0,"78":0,"83":0,"84":0,"85":0,"86":0,"88":0,"89":0,"90":0,"91":0,"92":0,"93":0,"95":0,"97":0,"98":0,"99":0,"100":0,"101":0,"102":0,"103":0,"104":0,"105":0,"106":0,"107":0,"108":0,"109":0,"110":0,"111":0,"112":0,"117":0,"118":0,"119":0,"124":0,"125":0,"126":0,"131":0,"132":0,"133":0,"138":0,"139":0,"140":0,"145":0,"146":0,"147":0,"148":0,"150":0,"151":0,"152":0,"153":0,"154":0,"159":0,"160":0,"161":0,"162":0,"167":0,"168":0,"169":0,"170":0,"175":0,"176":0,"178":0,"179":0,"180":0,"181":0,"182":0,"183":0,"184":0,"185":0,"186":0,"187":0,"188":0,"193":0,"194":0,"195":0,"197":0,"198":0,"199":0,"200":0,"201":0,"202":0,"203":0,"204":0},"branchMap":{"0":{"type":"branch","line":1,"loc":{"start":{"line":1,"column":4239},"end":{"line":205,"column":1}},"locations":[{"start":{"line":1,"column":4239},"end":{"line":205,"column":1}}]}},"b":{"0":[1]},"fnMap":{"0":{"name":"(empty-report)","decl":{"start":{"line":1,"column":4239},"end":{"line":205,"column":1}},"loc":{"start":{"line":1,"column":4239},"end":{"line":205,"column":1}},"line":1}},"f":{"0":1}}
,"/Users/debar/code/phialoastro/workers/src/utils/mime.ts": {"path":"/Users/debar/code/phialoastro/workers/src/utils/mime.ts","all":false,"statementMap":{"0":{"start":{"line":1,"column":0},"end":{"line":1,"column":45}},"5":{"start":{"line":6,"column":0},"end":{"line":6,"column":67}},"7":{"start":{"line":8,"column":0},"end":{"line":8,"column":57}},"8":{"start":{"line":9,"column":0},"end":{"line":9,"column":47}},"9":{"start":{"line":10,"column":0},"end":{"line":10,"column":57}},"10":{"start":{"line":11,"column":0},"end":{"line":11,"column":1}},"15":{"start":{"line":16,"column":0},"end":{"line":16,"column":59}},"16":{"start":{"line":17,"column":0},"end":{"line":17,"column":29}},"17":{"start":{"line":18,"column":0},"end":{"line":18,"column":12}},"18":{"start":{"line":19,"column":0},"end":{"line":19,"column":23}},"19":{"start":{"line":20,"column":0},"end":{"line":20,"column":29}},"20":{"start":{"line":21,"column":0},"end":{"line":21,"column":22}},"21":{"start":{"line":22,"column":0},"end":{"line":22,"column":20}},"22":{"start":{"line":23,"column":0},"end":{"line":23,"column":4}},"24":{"start":{"line":25,"column":0},"end":{"line":25,"column":67}},"25":{"start":{"line":26,"column":0},"end":{"line":26,"column":1}},"30":{"start":{"line":31,"column":0},"end":{"line":31,"column":53}},"31":{"start":{"line":32,"column":0},"end":{"line":32,"column":21}},"32":{"start":{"line":33,"column":0},"end":{"line":33,"column":12}},"33":{"start":{"line":34,"column":0},"end":{"line":34,"column":23}},"34":{"start":{"line":35,"column":0},"end":{"line":35,"column":29}},"35":{"start":{"line":36,"column":0},"end":{"line":36,"column":22}},"36":{"start":{"line":37,"column":0},"end":{"line":37,"column":20}},"37":{"start":{"line":38,"column":0},"end":{"line":38,"column":4}},"39":{"start":{"line":40,"column":0},"end":{"line":40,"column":60}},"40":{"start":{"line":41,"column":0},"end":{"line":41,"column":1}}},"s":{"0":1,"5":1,"7":84,"8":84,"9":84,"10":84,"15":1,"16":0,"17":0,"18":0,"19":0,"20":0,"21":0,"22":0,"24":0,"25":0,"30":1,"31":0,"32":0,"33":0,"34":0,"35":0,"36":0,"37":0,"39":0,"40":0},"branchMap":{"0":{"type":"branch","line":6,"loc":{"start":{"line":6,"column":7},"end":{"line":11,"column":1}},"locations":[{"start":{"line":6,"column":7},"end":{"line":11,"column":1}}]},"1":{"type":"branch","line":9,"loc":{"start":{"line":9,"column":40},"end":{"line":9,"column":47}},"locations":[{"start":{"line":9,"column":40},"end":{"line":9,"column":47}}]},"2":{"type":"branch","line":10,"loc":{"start":{"line":10,"column":9},"end":{"line":10,"column":47}},"locations":[{"start":{"line":10,"column":9},"end":{"line":10,"column":47}}]},"3":{"type":"branch","line":10,"loc":{"start":{"line":10,"column":43},"end":{"line":10,"column":57}},"locations":[{"start":{"line":10,"column":43},"end":{"line":10,"column":57}}]}},"b":{"0":[84],"1":[78],"2":[78],"3":[6]},"fnMap":{"0":{"name":"getMimeType","decl":{"start":{"line":6,"column":7},"end":{"line":11,"column":1}},"loc":{"start":{"line":6,"column":7},"end":{"line":11,"column":1}},"line":6},"1":{"name":"isCompressible","decl":{"start":{"line":16,"column":7},"end":{"line":26,"column":1}},"loc":{"start":{"line":16,"column":7},"end":{"line":26,"column":1}},"line":16},"2":{"name":"isBinary","decl":{"start":{"line":31,"column":7},"end":{"line":41,"column":1}},"loc":{"start":{"line":31,"column":7},"end":{"line":41,"column":1}},"line":31}},"f":{"0":84,"1":0,"2":0}}
}
